# JRE version: Java(TM) SE Runtime Environment (7.0_40-b43) (build 1.7.0_40-b43)
# Java VM: Java HotSpot(TM) Client VM (24.0-b56 mixed mode linux-x86 )
Heap
 def new generation   total 4928K, used 4691K [0xa0680000, 0xa0bd0000, 0xa5bd0000)
  eden space 4416K,  94% used [0xa0680000, 0xa0a94d68, 0xa0ad0000)
  from space 512K,  99% used [0xa0ad0000, 0xa0b4fff8, 0xa0b50000)
  to   space 512K,   0% used [0xa0b50000, 0xa0b50000, 0xa0bd0000)
 tenured generation   total 10944K, used 6338K [0xa5bd0000, 0xa6680000, 0xb0680000)
   the space 10944K,  57% used [0xa5bd0000, 0xa6200a08, 0xa6200c00, 0xa6680000)
 compacting perm gen  total 12288K, used 9823K [0xb0680000, 0xb1280000, 0xb4680000)
   the space 12288K,  79% used [0xb0680000, 0xb1017ff8, 0xb1018000, 0xb1280000)
GC Heap History (10 events):
Event: 4,688 GC heap before
{Heap before GC invocations=9 (full 0):
 def new generation   total 4928K, used 4928K [0xa0680000, 0xa0bd0000, 0xa5bd0000)
  eden space 4416K, 100% used [0xa0680000, 0xa0ad0000, 0xa0ad0000)
  from space 512K, 100% used [0xa0b50000, 0xa0bd0000, 0xa0bd0000)
  to   space 512K,   0% used [0xa0ad0000, 0xa0ad0000, 0xa0b50000)
 tenured generation   total 10944K, used 3712K [0xa5bd0000, 0xa6680000, 0xb0680000)
   the space 10944K,  33% used [0xa5bd0000, 0xa5f700a8, 0xa5f70200, 0xa6680000)
 compacting perm gen  total 12288K, used 7865K [0xb0680000, 0xb1280000, 0xb4680000)
   the space 12288K,  64% used [0xb0680000, 0xb0e2e7a8, 0xb0e2e800, 0xb1280000)
No shared spaces configured.
Event: 4,698 GC heap after
Heap after GC invocations=10 (full 0):
 def new generation   total 4928K, used 511K [0xa0680000, 0xa0bd0000, 0xa5bd0000)
  eden space 4416K,   0% used [0xa0680000, 0xa0680000, 0xa0ad0000)
  from space 512K,  99% used [0xa0ad0000, 0xa0b4fff8, 0xa0b50000)
  to   space 512K,   0% used [0xa0b50000, 0xa0b50000, 0xa0bd0000)
 tenured generation   total 10944K, used 4326K [0xa5bd0000, 0xa6680000, 0xb0680000)
   the space 10944K,  39% used [0xa5bd0000, 0xa6009bf0, 0xa6009c00, 0xa6680000)
 compacting perm gen  total 12288K, used 7865K [0xb0680000, 0xb1280000, 0xb4680000)
   the space 12288K,  64% used [0xb0680000, 0xb0e2e7a8, 0xb0e2e800, 0xb1280000)
No shared spaces configured.
}
Event: 5,171 GC heap before
{Heap before GC invocations=10 (full 0):
 def new generation   total 4928K, used 4883K [0xa0680000, 0xa0bd0000, 0xa5bd0000)
  eden space 4416K,  98% used [0xa0680000, 0xa0ac4de0, 0xa0ad0000)
  from space 512K,  99% used [0xa0ad0000, 0xa0b4fff8, 0xa0b50000)
  to   space 512K,   0% used [0xa0b50000, 0xa0b50000, 0xa0bd0000)
 tenured generation   total 10944K, used 4326K [0xa5bd0000, 0xa6680000, 0xb0680000)
   the space 10944K,  39% used [0xa5bd0000, 0xa6009bf0, 0xa6009c00, 0xa6680000)
 compacting perm gen  total 12288K, used 8205K [0xb0680000, 0xb1280000, 0xb4680000)
   the space 12288K,  66% used [0xb0680000, 0xb0e83648, 0xb0e83800, 0xb1280000)
No shared spaces configured.
Event: 5,181 GC heap after
Heap after GC invocations=11 (full 0):
 def new generation   total 4928K, used 512K [0xa0680000, 0xa0bd0000, 0xa5bd0000)
  eden space 4416K,   0% used [0xa0680000, 0xa0680000, 0xa0ad0000)
  from space 512K, 100% used [0xa0b50000, 0xa0bd0000, 0xa0bd0000)
  to   space 512K,   0% used [0xa0ad0000, 0xa0ad0000, 0xa0b50000)
 tenured generation   total 10944K, used 4807K [0xa5bd0000, 0xa6680000, 0xb0680000)
   the space 10944K,  43% used [0xa5bd0000, 0xa6081ee0, 0xa6082000, 0xa6680000)
 compacting perm gen  total 12288K, used 8205K [0xb0680000, 0xb1280000, 0xb4680000)
   the space 12288K,  66% used [0xb0680000, 0xb0e83648, 0xb0e83800, 0xb1280000)
No shared spaces configured.
}
Event: 6,761 GC heap before
{Heap before GC invocations=11 (full 0):
 def new generation   total 4928K, used 4928K [0xa0680000, 0xa0bd0000, 0xa5bd0000)
  eden space 4416K, 100% used [0xa0680000, 0xa0ad0000, 0xa0ad0000)
  from space 512K, 100% used [0xa0b50000, 0xa0bd0000, 0xa0bd0000)
  to   space 512K,   0% used [0xa0ad0000, 0xa0ad0000, 0xa0b50000)
 tenured generation   total 10944K, used 4807K [0xa5bd0000, 0xa6680000, 0xb0680000)
   the space 10944K,  43% used [0xa5bd0000, 0xa6081ee0, 0xa6082000, 0xa6680000)
 compacting perm gen  total 12288K, used 8592K [0xb0680000, 0xb1280000, 0xb4680000)
   the space 12288K,  69% used [0xb0680000, 0xb0ee43f0, 0xb0ee4400, 0xb1280000)
No shared spaces configured.
Event: 6,770 GC heap after
Heap after GC invocations=12 (full 0):
 def new generation   total 4928K, used 512K [0xa0680000, 0xa0bd0000, 0xa5bd0000)
  eden space 4416K,   0% used [0xa0680000, 0xa0680000, 0xa0ad0000)
  from space 512K, 100% used [0xa0ad0000, 0xa0b50000, 0xa0b50000)
  to   space 512K,   0% used [0xa0b50000, 0xa0b50000, 0xa0bd0000)
 tenured generation   total 10944K, used 5464K [0xa5bd0000, 0xa6680000, 0xb0680000)
   the space 10944K,  49% used [0xa5bd0000, 0xa61262d0, 0xa6126400, 0xa6680000)
 compacting perm gen  total 12288K, used 8592K [0xb0680000, 0xb1280000, 0xb4680000)
   the space 12288K,  69% used [0xb0680000, 0xb0ee43f0, 0xb0ee4400, 0xb1280000)
No shared spaces configured.
}
Event: 6,934 GC heap before
{Heap before GC invocations=12 (full 0):
 def new generation   total 4928K, used 4928K [0xa0680000, 0xa0bd0000, 0xa5bd0000)
  eden space 4416K, 100% used [0xa0680000, 0xa0ad0000, 0xa0ad0000)
  from space 512K, 100% used [0xa0ad0000, 0xa0b50000, 0xa0b50000)
  to   space 512K,   0% used [0xa0b50000, 0xa0b50000, 0xa0bd0000)
 tenured generation   total 10944K, used 5464K [0xa5bd0000, 0xa6680000, 0xb0680000)
   the space 10944K,  49% used [0xa5bd0000, 0xa61262d0, 0xa6126400, 0xa6680000)
 compacting perm gen  total 12288K, used 9164K [0xb0680000, 0xb1280000, 0xb4680000)
   the space 12288K,  74% used [0xb0680000, 0xb0f73248, 0xb0f73400, 0xb1280000)
No shared spaces configured.
Event: 6,941 GC heap after
Heap after GC invocations=13 (full 0):
 def new generation   total 4928K, used 511K [0xa0680000, 0xa0bd0000, 0xa5bd0000)
  eden space 4416K,   0% used [0xa0680000, 0xa0680000, 0xa0ad0000)
  from space 512K,  99% used [0xa0b50000, 0xa0bcfff8, 0xa0bd0000)
  to   space 512K,   0% used [0xa0ad0000, 0xa0ad0000, 0xa0b50000)
 tenured generation   total 10944K, used 6152K [0xa5bd0000, 0xa6680000, 0xb0680000)
   the space 10944K,  56% used [0xa5bd0000, 0xa61d2370, 0xa61d2400, 0xa6680000)
 compacting perm gen  total 12288K, used 9164K [0xb0680000, 0xb1280000, 0xb4680000)
   the space 12288K,  74% used [0xb0680000, 0xb0f73248, 0xb0f73400, 0xb1280000)
No shared spaces configured.
}
Event: 7,096 GC heap before
{Heap before GC invocations=13 (full 0):
 def new generation   total 4928K, used 4927K [0xa0680000, 0xa0bd0000, 0xa5bd0000)
  eden space 4416K, 100% used [0xa0680000, 0xa0ad0000, 0xa0ad0000)
  from space 512K,  99% used [0xa0b50000, 0xa0bcfff8, 0xa0bd0000)
  to   space 512K,   0% used [0xa0ad0000, 0xa0ad0000, 0xa0b50000)
 tenured generation   total 10944K, used 6152K [0xa5bd0000, 0xa6680000, 0xb0680000)
   the space 10944K,  56% used [0xa5bd0000, 0xa61d2370, 0xa61d2400, 0xa6680000)
 compacting perm gen  total 12288K, used 9559K [0xb0680000, 0xb1280000, 0xb4680000)
   the space 12288K,  77% used [0xb0680000, 0xb0fd5d70, 0xb0fd5e00, 0xb1280000)
No shared spaces configured.
Event: 7,102 GC heap after
Heap after GC invocations=14 (full 0):
 def new generation   total 4928K, used 511K [0xa0680000, 0xa0bd0000, 0xa5bd0000)
  eden space 4416K,   0% used [0xa0680000, 0xa0680000, 0xa0ad0000)
  from space 512K,  99% used [0xa0ad0000, 0xa0b4fff8, 0xa0b50000)
  to   space 512K,   0% used [0xa0b50000, 0xa0b50000, 0xa0bd0000)
 tenured generation   total 10944K, used 6338K [0xa5bd0000, 0xa6680000, 0xb0680000)
   the space 10944K,  57% used [0xa5bd0000, 0xa6200a08, 0xa6200c00, 0xa6680000)
 compacting perm gen  total 12288K, used 9559K [0xb0680000, 0xb1280000, 0xb4680000)
   the space 12288K,  77% used [0xb0680000, 0xb0fd5d70, 0xb0fd5e00, 0xb1280000)
No shared spaces configured.
}

