# JRE version: Java(TM) SE Runtime Environment (7.0_40-b43) (build 1.7.0_40-b43)
# Java VM: Java HotSpot(TM) Client VM (24.0-b56 mixed mode linux-x86 )
Heap
 def new generation   total 4928K, used 4831K [0xa08f0000, 0xa0e40000, 0xa5e40000)
  eden space 4416K,  97% used [0xa08f0000, 0xa0d27c30, 0xa0d40000)
  from space 512K,  99% used [0xa0dc0000, 0xa0e3fff8, 0xa0e40000)
  to   space 512K,   0% used [0xa0d40000, 0xa0d40000, 0xa0dc0000)
 tenured generation   total 10944K, used 1502K [0xa5e40000, 0xa68f0000, 0xb08f0000)
   the space 10944K,  13% used [0xa5e40000, 0xa5fb7960, 0xa5fb7a00, 0xa68f0000)
 compacting perm gen  total 12288K, used 3665K [0xb08f0000, 0xb14f0000, 0xb48f0000)
   the space 12288K,  29% used [0xb08f0000, 0xb0c84610, 0xb0c84800, 0xb14f0000)
GC Heap History (6 events):
Event: 0,694 GC heap before
{Heap before GC invocations=0 (full 0):
 def new generation   total 4928K, used 4416K [0xa08f0000, 0xa0e40000, 0xa5e40000)
  eden space 4416K, 100% used [0xa08f0000, 0xa0d40000, 0xa0d40000)
  from space 512K,   0% used [0xa0d40000, 0xa0d40000, 0xa0dc0000)
  to   space 512K,   0% used [0xa0dc0000, 0xa0dc0000, 0xa0e40000)
 tenured generation   total 10944K, used 0K [0xa5e40000, 0xa68f0000, 0xb08f0000)
   the space 10944K,   0% used [0xa5e40000, 0xa5e40000, 0xa5e40200, 0xa68f0000)
 compacting perm gen  total 12288K, used 2394K [0xb08f0000, 0xb14f0000, 0xb48f0000)
   the space 12288K,  19% used [0xb08f0000, 0xb0b46b40, 0xb0b46c00, 0xb14f0000)
No shared spaces configured.
Event: 0,703 GC heap after
Heap after GC invocations=1 (full 0):
 def new generation   total 4928K, used 512K [0xa08f0000, 0xa0e40000, 0xa5e40000)
  eden space 4416K,   0% used [0xa08f0000, 0xa08f0000, 0xa0d40000)
  from space 512K, 100% used [0xa0dc0000, 0xa0e40000, 0xa0e40000)
  to   space 512K,   0% used [0xa0d40000, 0xa0d40000, 0xa0dc0000)
 tenured generation   total 10944K, used 611K [0xa5e40000, 0xa68f0000, 0xb08f0000)
   the space 10944K,   5% used [0xa5e40000, 0xa5ed8f60, 0xa5ed9000, 0xa68f0000)
 compacting perm gen  total 12288K, used 2394K [0xb08f0000, 0xb14f0000, 0xb48f0000)
   the space 12288K,  19% used [0xb08f0000, 0xb0b46b40, 0xb0b46c00, 0xb14f0000)
No shared spaces configured.
}
Event: 0,927 GC heap before
{Heap before GC invocations=1 (full 0):
 def new generation   total 4928K, used 4928K [0xa08f0000, 0xa0e40000, 0xa5e40000)
  eden space 4416K, 100% used [0xa08f0000, 0xa0d40000, 0xa0d40000)
  from space 512K, 100% used [0xa0dc0000, 0xa0e40000, 0xa0e40000)
  to   space 512K,   0% used [0xa0d40000, 0xa0d40000, 0xa0dc0000)
 tenured generation   total 10944K, used 611K [0xa5e40000, 0xa68f0000, 0xb08f0000)
   the space 10944K,   5% used [0xa5e40000, 0xa5ed8f60, 0xa5ed9000, 0xa68f0000)
 compacting perm gen  total 12288K, used 2903K [0xb08f0000, 0xb14f0000, 0xb48f0000)
   the space 12288K,  23% used [0xb08f0000, 0xb0bc5d70, 0xb0bc5e00, 0xb14f0000)
No shared spaces configured.
Event: 0,935 GC heap after
Heap after GC invocations=2 (full 0):
 def new generation   total 4928K, used 511K [0xa08f0000, 0xa0e40000, 0xa5e40000)
  eden space 4416K,   0% used [0xa08f0000, 0xa08f0000, 0xa0d40000)
  from space 512K,  99% used [0xa0d40000, 0xa0dbfff8, 0xa0dc0000)
  to   space 512K,   0% used [0xa0dc0000, 0xa0dc0000, 0xa0e40000)
 tenured generation   total 10944K, used 1311K [0xa5e40000, 0xa68f0000, 0xb08f0000)
   the space 10944K,  11% used [0xa5e40000, 0xa5f87e58, 0xa5f88000, 0xa68f0000)
 compacting perm gen  total 12288K, used 2903K [0xb08f0000, 0xb14f0000, 0xb48f0000)
   the space 12288K,  23% used [0xb08f0000, 0xb0bc5d70, 0xb0bc5e00, 0xb14f0000)
No shared spaces configured.
}
Event: 1,115 GC heap before
{Heap before GC invocations=2 (full 0):
 def new generation   total 4928K, used 4927K [0xa08f0000, 0xa0e40000, 0xa5e40000)
  eden space 4416K, 100% used [0xa08f0000, 0xa0d40000, 0xa0d40000)
  from space 512K,  99% used [0xa0d40000, 0xa0dbfff8, 0xa0dc0000)
  to   space 512K,   0% used [0xa0dc0000, 0xa0dc0000, 0xa0e40000)
 tenured generation   total 10944K, used 1311K [0xa5e40000, 0xa68f0000, 0xb08f0000)
   the space 10944K,  11% used [0xa5e40000, 0xa5f87e58, 0xa5f88000, 0xa68f0000)
 compacting perm gen  total 12288K, used 3362K [0xb08f0000, 0xb14f0000, 0xb48f0000)
   the space 12288K,  27% used [0xb08f0000, 0xb0c38a00, 0xb0c38a00, 0xb14f0000)
No shared spaces configured.
Event: 1,121 GC heap after
Heap after GC invocations=3 (full 0):
 def new generation   total 4928K, used 511K [0xa08f0000, 0xa0e40000, 0xa5e40000)
  eden space 4416K,   0% used [0xa08f0000, 0xa08f0000, 0xa0d40000)
  from space 512K,  99% used [0xa0dc0000, 0xa0e3fff8, 0xa0e40000)
  to   space 512K,   0% used [0xa0d40000, 0xa0d40000, 0xa0dc0000)
 tenured generation   total 10944K, used 1502K [0xa5e40000, 0xa68f0000, 0xb08f0000)
   the space 10944K,  13% used [0xa5e40000, 0xa5fb7960, 0xa5fb7a00, 0xa68f0000)
 compacting perm gen  total 12288K, used 3362K [0xb08f0000, 0xb14f0000, 0xb48f0000)
   the space 12288K,  27% used [0xb08f0000, 0xb0c38a00, 0xb0c38a00, 0xb14f0000)
No shared spaces configured.
}

