# JRE version: Java(TM) SE Runtime Environment (7.0_40-b43) (build 1.7.0_40-b43)
# Java VM: Java HotSpot(TM) Client VM (24.0-b56 mixed mode linux-x86 )
Heap
 def new generation   total 4928K, used 4642K [0xa0880000, 0xa0dd0000, 0xa5dd0000)
  eden space 4416K,  93% used [0xa0880000, 0xa0c888c0, 0xa0cd0000)
  from space 512K, 100% used [0xa0cd0000, 0xa0d50000, 0xa0d50000)
  to   space 512K,   0% used [0xa0d50000, 0xa0d50000, 0xa0dd0000)
 tenured generation   total 10944K, used 1078K [0xa5dd0000, 0xa6880000, 0xb0880000)
   the space 10944K,   9% used [0xa5dd0000, 0xa5eddab0, 0xa5eddc00, 0xa6880000)
 compacting perm gen  total 12288K, used 3773K [0xb0880000, 0xb1480000, 0xb4880000)
   the space 12288K,  30% used [0xb0880000, 0xb0c2f490, 0xb0c2f600, 0xb1480000)
GC Heap History (4 events):
Event: 0,631 GC heap before
{Heap before GC invocations=0 (full 0):
 def new generation   total 4928K, used 4416K [0xa0880000, 0xa0dd0000, 0xa5dd0000)
  eden space 4416K, 100% used [0xa0880000, 0xa0cd0000, 0xa0cd0000)
  from space 512K,   0% used [0xa0cd0000, 0xa0cd0000, 0xa0d50000)
  to   space 512K,   0% used [0xa0d50000, 0xa0d50000, 0xa0dd0000)
 tenured generation   total 10944K, used 0K [0xa5dd0000, 0xa6880000, 0xb0880000)
   the space 10944K,   0% used [0xa5dd0000, 0xa5dd0000, 0xa5dd0200, 0xa6880000)
 compacting perm gen  total 12288K, used 2187K [0xb0880000, 0xb1480000, 0xb4880000)
   the space 12288K,  17% used [0xb0880000, 0xb0aa2c70, 0xb0aa2e00, 0xb1480000)
No shared spaces configured.
Event: 0,640 GC heap after
Heap after GC invocations=1 (full 0):
 def new generation   total 4928K, used 512K [0xa0880000, 0xa0dd0000, 0xa5dd0000)
  eden space 4416K,   0% used [0xa0880000, 0xa0880000, 0xa0cd0000)
  from space 512K, 100% used [0xa0d50000, 0xa0dd0000, 0xa0dd0000)
  to   space 512K,   0% used [0xa0cd0000, 0xa0cd0000, 0xa0d50000)
 tenured generation   total 10944K, used 427K [0xa5dd0000, 0xa6880000, 0xb0880000)
   the space 10944K,   3% used [0xa5dd0000, 0xa5e3adb8, 0xa5e3ae00, 0xa6880000)
 compacting perm gen  total 12288K, used 2187K [0xb0880000, 0xb1480000, 0xb4880000)
   the space 12288K,  17% used [0xb0880000, 0xb0aa2c70, 0xb0aa2e00, 0xb1480000)
No shared spaces configured.
}
Event: 0,826 GC heap before
{Heap before GC invocations=1 (full 0):
 def new generation   total 4928K, used 4928K [0xa0880000, 0xa0dd0000, 0xa5dd0000)
  eden space 4416K, 100% used [0xa0880000, 0xa0cd0000, 0xa0cd0000)
  from space 512K, 100% used [0xa0d50000, 0xa0dd0000, 0xa0dd0000)
  to   space 512K,   0% used [0xa0cd0000, 0xa0cd0000, 0xa0d50000)
 tenured generation   total 10944K, used 427K [0xa5dd0000, 0xa6880000, 0xb0880000)
   the space 10944K,   3% used [0xa5dd0000, 0xa5e3adb8, 0xa5e3ae00, 0xa6880000)
 compacting perm gen  total 12288K, used 3444K [0xb0880000, 0xb1480000, 0xb4880000)
   the space 12288K,  28% used [0xb0880000, 0xb0bdd088, 0xb0bdd200, 0xb1480000)
No shared spaces configured.
Event: 0,837 GC heap after
Heap after GC invocations=2 (full 0):
 def new generation   total 4928K, used 512K [0xa0880000, 0xa0dd0000, 0xa5dd0000)
  eden space 4416K,   0% used [0xa0880000, 0xa0880000, 0xa0cd0000)
  from space 512K, 100% used [0xa0cd0000, 0xa0d50000, 0xa0d50000)
  to   space 512K,   0% used [0xa0d50000, 0xa0d50000, 0xa0dd0000)
 tenured generation   total 10944K, used 1078K [0xa5dd0000, 0xa6880000, 0xb0880000)
   the space 10944K,   9% used [0xa5dd0000, 0xa5eddab0, 0xa5eddc00, 0xa6880000)
 compacting perm gen  total 12288K, used 3444K [0xb0880000, 0xb1480000, 0xb4880000)
   the space 12288K,  28% used [0xb0880000, 0xb0bdd088, 0xb0bdd200, 0xb1480000)
No shared spaces configured.
}

