# JRE version: Java(TM) SE Runtime Environment (7.0_40-b43) (build 1.7.0_40-b43)
# Java VM: Java HotSpot(TM) Client VM (24.0-b56 mixed mode linux-x86 )
Heap
 def new generation   total 4928K, used 3587K [0xa0860000, 0xa0db0000, 0xa5db0000)
  eden space 4416K,  69% used [0xa0860000, 0xa0b60fd8, 0xa0cb0000)
  from space 512K, 100% used [0xa0cb0000, 0xa0d30000, 0xa0d30000)
  to   space 512K,   0% used [0xa0d30000, 0xa0d30000, 0xa0db0000)
 tenured generation   total 10944K, used 1078K [0xa5db0000, 0xa6860000, 0xb0860000)
   the space 10944K,   9% used [0xa5db0000, 0xa5ebdab0, 0xa5ebdc00, 0xa6860000)
 compacting perm gen  total 12288K, used 3680K [0xb0860000, 0xb1460000, 0xb4860000)
   the space 12288K,  29% used [0xb0860000, 0xb0bf80f0, 0xb0bf8200, 0xb1460000)
GC Heap History (4 events):
Event: 1,689 GC heap before
{Heap before GC invocations=0 (full 0):
 def new generation   total 4928K, used 4416K [0xa0860000, 0xa0db0000, 0xa5db0000)
  eden space 4416K, 100% used [0xa0860000, 0xa0cb0000, 0xa0cb0000)
  from space 512K,   0% used [0xa0cb0000, 0xa0cb0000, 0xa0d30000)
  to   space 512K,   0% used [0xa0d30000, 0xa0d30000, 0xa0db0000)
 tenured generation   total 10944K, used 0K [0xa5db0000, 0xa6860000, 0xb0860000)
   the space 10944K,   0% used [0xa5db0000, 0xa5db0000, 0xa5db0200, 0xa6860000)
 compacting perm gen  total 12288K, used 2187K [0xb0860000, 0xb1460000, 0xb4860000)
   the space 12288K,  17% used [0xb0860000, 0xb0a82c70, 0xb0a82e00, 0xb1460000)
No shared spaces configured.
Event: 1,700 GC heap after
Heap after GC invocations=1 (full 0):
 def new generation   total 4928K, used 512K [0xa0860000, 0xa0db0000, 0xa5db0000)
  eden space 4416K,   0% used [0xa0860000, 0xa0860000, 0xa0cb0000)
  from space 512K, 100% used [0xa0d30000, 0xa0db0000, 0xa0db0000)
  to   space 512K,   0% used [0xa0cb0000, 0xa0cb0000, 0xa0d30000)
 tenured generation   total 10944K, used 427K [0xa5db0000, 0xa6860000, 0xb0860000)
   the space 10944K,   3% used [0xa5db0000, 0xa5e1ad80, 0xa5e1ae00, 0xa6860000)
 compacting perm gen  total 12288K, used 2187K [0xb0860000, 0xb1460000, 0xb4860000)
   the space 12288K,  17% used [0xb0860000, 0xb0a82c70, 0xb0a82e00, 0xb1460000)
No shared spaces configured.
}
Event: 1,893 GC heap before
{Heap before GC invocations=1 (full 0):
 def new generation   total 4928K, used 4928K [0xa0860000, 0xa0db0000, 0xa5db0000)
  eden space 4416K, 100% used [0xa0860000, 0xa0cb0000, 0xa0cb0000)
  from space 512K, 100% used [0xa0d30000, 0xa0db0000, 0xa0db0000)
  to   space 512K,   0% used [0xa0cb0000, 0xa0cb0000, 0xa0d30000)
 tenured generation   total 10944K, used 427K [0xa5db0000, 0xa6860000, 0xb0860000)
   the space 10944K,   3% used [0xa5db0000, 0xa5e1ad80, 0xa5e1ae00, 0xa6860000)
 compacting perm gen  total 12288K, used 3444K [0xb0860000, 0xb1460000, 0xb4860000)
   the space 12288K,  28% used [0xb0860000, 0xb0bbd138, 0xb0bbd200, 0xb1460000)
No shared spaces configured.
Event: 1,903 GC heap after
Heap after GC invocations=2 (full 0):
 def new generation   total 4928K, used 512K [0xa0860000, 0xa0db0000, 0xa5db0000)
  eden space 4416K,   0% used [0xa0860000, 0xa0860000, 0xa0cb0000)
  from space 512K, 100% used [0xa0cb0000, 0xa0d30000, 0xa0d30000)
  to   space 512K,   0% used [0xa0d30000, 0xa0d30000, 0xa0db0000)
 tenured generation   total 10944K, used 1078K [0xa5db0000, 0xa6860000, 0xb0860000)
   the space 10944K,   9% used [0xa5db0000, 0xa5ebdab0, 0xa5ebdc00, 0xa6860000)
 compacting perm gen  total 12288K, used 3444K [0xb0860000, 0xb1460000, 0xb4860000)
   the space 12288K,  28% used [0xb0860000, 0xb0bbd138, 0xb0bbd200, 0xb1460000)
No shared spaces configured.
}

