# JRE version: Java(TM) SE Runtime Environment (7.0_40-b43) (build 1.7.0_40-b43)
# Java VM: Java HotSpot(TM) Client VM (24.0-b56 mixed mode linux-x86 )
Heap
 def new generation   total 7744K, used 4218K [0xa0880000, 0xa10e0000, 0xa5dd0000)
  eden space 6912K,  51% used [0xa0880000, 0xa0bfe868, 0xa0f40000)
  from space 832K,  77% used [0xa0f40000, 0xa0fe02e8, 0xa1010000)
  to   space 832K,   0% used [0xa1010000, 0xa1010000, 0xa10e0000)
 tenured generation   total 17028K, used 16149K [0xa5dd0000, 0xa6e71000, 0xb0880000)
   the space 17028K,  94% used [0xa5dd0000, 0xa6d95580, 0xa6d95600, 0xa6e71000)
 compacting perm gen  total 12288K, used 4895K [0xb0880000, 0xb1480000, 0xb4880000)
   the space 12288K,  39% used [0xb0880000, 0xb0d47d48, 0xb0d47e00, 0xb1480000)
GC Heap History (10 events):
Event: 3,085 GC heap before
{Heap before GC invocations=31 (full 1):
 def new generation   total 7744K, used 7631K [0xa0880000, 0xa10e0000, 0xa5dd0000)
  eden space 6912K, 100% used [0xa0880000, 0xa0f40000, 0xa0f40000)
  from space 832K,  86% used [0xa1010000, 0xa10c3c30, 0xa10e0000)
  to   space 832K,   0% used [0xa0f40000, 0xa0f40000, 0xa1010000)
 tenured generation   total 17028K, used 13233K [0xa5dd0000, 0xa6e71000, 0xb0880000)
   the space 17028K,  77% used [0xa5dd0000, 0xa6abc430, 0xa6abc600, 0xa6e71000)
 compacting perm gen  total 12288K, used 4893K [0xb0880000, 0xb1480000, 0xb4880000)
   the space 12288K,  39% used [0xb0880000, 0xb0d47758, 0xb0d47800, 0xb1480000)
No shared spaces configured.
Event: 3,092 GC heap after
Heap after GC invocations=32 (full 1):
 def new generation   total 7744K, used 686K [0xa0880000, 0xa10e0000, 0xa5dd0000)
  eden space 6912K,   0% used [0xa0880000, 0xa0880000, 0xa0f40000)
  from space 832K,  82% used [0xa0f40000, 0xa0febab0, 0xa1010000)
  to   space 832K,   0% used [0xa1010000, 0xa1010000, 0xa10e0000)
 tenured generation   total 17028K, used 13860K [0xa5dd0000, 0xa6e71000, 0xb0880000)
   the space 17028K,  81% used [0xa5dd0000, 0xa6b59250, 0xa6b59400, 0xa6e71000)
 compacting perm gen  total 12288K, used 4893K [0xb0880000, 0xb1480000, 0xb4880000)
   the space 12288K,  39% used [0xb0880000, 0xb0d47758, 0xb0d47800, 0xb1480000)
No shared spaces configured.
}
Event: 3,157 GC heap before
{Heap before GC invocations=32 (full 1):
 def new generation   total 7744K, used 7598K [0xa0880000, 0xa10e0000, 0xa5dd0000)
  eden space 6912K, 100% used [0xa0880000, 0xa0f40000, 0xa0f40000)
  from space 832K,  82% used [0xa0f40000, 0xa0febab0, 0xa1010000)
  to   space 832K,   0% used [0xa1010000, 0xa1010000, 0xa10e0000)
 tenured generation   total 17028K, used 13860K [0xa5dd0000, 0xa6e71000, 0xb0880000)
   the space 17028K,  81% used [0xa5dd0000, 0xa6b59250, 0xa6b59400, 0xa6e71000)
 compacting perm gen  total 12288K, used 4893K [0xb0880000, 0xb1480000, 0xb4880000)
   the space 12288K,  39% used [0xb0880000, 0xb0d477e8, 0xb0d47800, 0xb1480000)
No shared spaces configured.
Event: 3,164 GC heap after
Heap after GC invocations=33 (full 1):
 def new generation   total 7744K, used 795K [0xa0880000, 0xa10e0000, 0xa5dd0000)
  eden space 6912K,   0% used [0xa0880000, 0xa0880000, 0xa0f40000)
  from space 832K,  95% used [0xa1010000, 0xa10d6c28, 0xa10e0000)
  to   space 832K,   0% used [0xa0f40000, 0xa0f40000, 0xa1010000)
 tenured generation   total 17028K, used 14396K [0xa5dd0000, 0xa6e71000, 0xb0880000)
   the space 17028K,  84% used [0xa5dd0000, 0xa6bdf100, 0xa6bdf200, 0xa6e71000)
 compacting perm gen  total 12288K, used 4893K [0xb0880000, 0xb1480000, 0xb4880000)
   the space 12288K,  39% used [0xb0880000, 0xb0d477e8, 0xb0d47800, 0xb1480000)
No shared spaces configured.
}
Event: 3,233 GC heap before
{Heap before GC invocations=33 (full 1):
 def new generation   total 7744K, used 7707K [0xa0880000, 0xa10e0000, 0xa5dd0000)
  eden space 6912K, 100% used [0xa0880000, 0xa0f40000, 0xa0f40000)
  from space 832K,  95% used [0xa1010000, 0xa10d6c28, 0xa10e0000)
  to   space 832K,   0% used [0xa0f40000, 0xa0f40000, 0xa1010000)
 tenured generation   total 17028K, used 14396K [0xa5dd0000, 0xa6e71000, 0xb0880000)
   the space 17028K,  84% used [0xa5dd0000, 0xa6bdf100, 0xa6bdf200, 0xa6e71000)
 compacting perm gen  total 12288K, used 4894K [0xb0880000, 0xb1480000, 0xb4880000)
   the space 12288K,  39% used [0xb0880000, 0xb0d47868, 0xb0d47a00, 0xb1480000)
No shared spaces configured.
Event: 3,240 GC heap after
Heap after GC invocations=34 (full 1):
 def new generation   total 7744K, used 728K [0xa0880000, 0xa10e0000, 0xa5dd0000)
  eden space 6912K,   0% used [0xa0880000, 0xa0880000, 0xa0f40000)
  from space 832K,  87% used [0xa0f40000, 0xa0ff6370, 0xa1010000)
  to   space 832K,   0% used [0xa1010000, 0xa1010000, 0xa10e0000)
 tenured generation   total 17028K, used 14960K [0xa5dd0000, 0xa6e71000, 0xb0880000)
   the space 17028K,  87% used [0xa5dd0000, 0xa6c6c188, 0xa6c6c200, 0xa6e71000)
 compacting perm gen  total 12288K, used 4894K [0xb0880000, 0xb1480000, 0xb4880000)
   the space 12288K,  39% used [0xb0880000, 0xb0d47868, 0xb0d47a00, 0xb1480000)
No shared spaces configured.
}
Event: 3,306 GC heap before
{Heap before GC invocations=34 (full 1):
 def new generation   total 7744K, used 7640K [0xa0880000, 0xa10e0000, 0xa5dd0000)
  eden space 6912K, 100% used [0xa0880000, 0xa0f40000, 0xa0f40000)
  from space 832K,  87% used [0xa0f40000, 0xa0ff6370, 0xa1010000)
  to   space 832K,   0% used [0xa1010000, 0xa1010000, 0xa10e0000)
 tenured generation   total 17028K, used 14960K [0xa5dd0000, 0xa6e71000, 0xb0880000)
   the space 17028K,  87% used [0xa5dd0000, 0xa6c6c188, 0xa6c6c200, 0xa6e71000)
 compacting perm gen  total 12288K, used 4894K [0xb0880000, 0xb1480000, 0xb4880000)
   the space 12288K,  39% used [0xb0880000, 0xb0d478b8, 0xb0d47a00, 0xb1480000)
No shared spaces configured.
Event: 3,314 GC heap after
Heap after GC invocations=35 (full 1):
 def new generation   total 7744K, used 803K [0xa0880000, 0xa10e0000, 0xa5dd0000)
  eden space 6912K,   0% used [0xa0880000, 0xa0880000, 0xa0f40000)
  from space 832K,  96% used [0xa1010000, 0xa10d8da0, 0xa10e0000)
  to   space 832K,   0% used [0xa0f40000, 0xa0f40000, 0xa1010000)
 tenured generation   total 17028K, used 15517K [0xa5dd0000, 0xa6e71000, 0xb0880000)
   the space 17028K,  91% used [0xa5dd0000, 0xa6cf7628, 0xa6cf7800, 0xa6e71000)
 compacting perm gen  total 12288K, used 4894K [0xb0880000, 0xb1480000, 0xb4880000)
   the space 12288K,  39% used [0xb0880000, 0xb0d478b8, 0xb0d47a00, 0xb1480000)
No shared spaces configured.
}
Event: 3,384 GC heap before
{Heap before GC invocations=35 (full 1):
 def new generation   total 7744K, used 7715K [0xa0880000, 0xa10e0000, 0xa5dd0000)
  eden space 6912K, 100% used [0xa0880000, 0xa0f40000, 0xa0f40000)
  from space 832K,  96% used [0xa1010000, 0xa10d8da0, 0xa10e0000)
  to   space 832K,   0% used [0xa0f40000, 0xa0f40000, 0xa1010000)
 tenured generation   total 17028K, used 15517K [0xa5dd0000, 0xa6e71000, 0xb0880000)
   the space 17028K,  91% used [0xa5dd0000, 0xa6cf7628, 0xa6cf7800, 0xa6e71000)
 compacting perm gen  total 12288K, used 4894K [0xb0880000, 0xb1480000, 0xb4880000)
   the space 12288K,  39% used [0xb0880000, 0xb0d478e8, 0xb0d47a00, 0xb1480000)
No shared spaces configured.
Event: 3,394 GC heap after
Heap after GC invocations=36 (full 1):
 def new generation   total 7744K, used 640K [0xa0880000, 0xa10e0000, 0xa5dd0000)
  eden space 6912K,   0% used [0xa0880000, 0xa0880000, 0xa0f40000)
  from space 832K,  77% used [0xa0f40000, 0xa0fe02e8, 0xa1010000)
  to   space 832K,   0% used [0xa1010000, 0xa1010000, 0xa10e0000)
 tenured generation   total 17028K, used 16149K [0xa5dd0000, 0xa6e71000, 0xb0880000)
   the space 17028K,  94% used [0xa5dd0000, 0xa6d95580, 0xa6d95600, 0xa6e71000)
 compacting perm gen  total 12288K, used 4894K [0xb0880000, 0xb1480000, 0xb4880000)
   the space 12288K,  39% used [0xb0880000, 0xb0d478e8, 0xb0d47a00, 0xb1480000)
No shared spaces configured.
}

