# JRE version: Java(TM) SE Runtime Environment (7.0_40-b43) (build 1.7.0_40-b43)
# Java VM: Java HotSpot(TM) Client VM (24.0-b56 mixed mode linux-x86 )
Heap
 def new generation   total 4928K, used 688K [0xa06f0000, 0xa0c40000, 0xa5c40000)
  eden space 4416K,   3% used [0xa06f0000, 0xa071c220, 0xa0b40000)
  from space 512K, 100% used [0xa0bc0000, 0xa0c40000, 0xa0c40000)
  to   space 512K,   0% used [0xa0b40000, 0xa0b40000, 0xa0bc0000)
 tenured generation   total 10944K, used 1960K [0xa5c40000, 0xa66f0000, 0xb06f0000)
   the space 10944K,  17% used [0xa5c40000, 0xa5e2a310, 0xa5e2a400, 0xa66f0000)
 compacting perm gen  total 12288K, used 3944K [0xb06f0000, 0xb12f0000, 0xb46f0000)
   the space 12288K,  32% used [0xb06f0000, 0xb0aca0c8, 0xb0aca200, 0xb12f0000)
GC Heap History (10 events):
Event: 0,491 GC heap before
{Heap before GC invocations=0 (full 0):
 def new generation   total 4928K, used 4416K [0xa06f0000, 0xa0c40000, 0xa5c40000)
  eden space 4416K, 100% used [0xa06f0000, 0xa0b40000, 0xa0b40000)
  from space 512K,   0% used [0xa0b40000, 0xa0b40000, 0xa0bc0000)
  to   space 512K,   0% used [0xa0bc0000, 0xa0bc0000, 0xa0c40000)
 tenured generation   total 10944K, used 0K [0xa5c40000, 0xa66f0000, 0xb06f0000)
   the space 10944K,   0% used [0xa5c40000, 0xa5c40000, 0xa5c40200, 0xa66f0000)
 compacting perm gen  total 12288K, used 2313K [0xb06f0000, 0xb12f0000, 0xb46f0000)
   the space 12288K,  18% used [0xb06f0000, 0xb0932540, 0xb0932600, 0xb12f0000)
No shared spaces configured.
Event: 0,500 GC heap after
Heap after GC invocations=1 (full 0):
 def new generation   total 4928K, used 512K [0xa06f0000, 0xa0c40000, 0xa5c40000)
  eden space 4416K,   0% used [0xa06f0000, 0xa06f0000, 0xa0b40000)
  from space 512K, 100% used [0xa0bc0000, 0xa0c40000, 0xa0c40000)
  to   space 512K,   0% used [0xa0b40000, 0xa0b40000, 0xa0bc0000)
 tenured generation   total 10944K, used 608K [0xa5c40000, 0xa66f0000, 0xb06f0000)
   the space 10944K,   5% used [0xa5c40000, 0xa5cd8338, 0xa5cd8400, 0xa66f0000)
 compacting perm gen  total 12288K, used 2313K [0xb06f0000, 0xb12f0000, 0xb46f0000)
   the space 12288K,  18% used [0xb06f0000, 0xb0932540, 0xb0932600, 0xb12f0000)
No shared spaces configured.
}
Event: 0,680 GC heap before
{Heap before GC invocations=1 (full 0):
 def new generation   total 4928K, used 4928K [0xa06f0000, 0xa0c40000, 0xa5c40000)
  eden space 4416K, 100% used [0xa06f0000, 0xa0b40000, 0xa0b40000)
  from space 512K, 100% used [0xa0bc0000, 0xa0c40000, 0xa0c40000)
  to   space 512K,   0% used [0xa0b40000, 0xa0b40000, 0xa0bc0000)
 tenured generation   total 10944K, used 608K [0xa5c40000, 0xa66f0000, 0xb06f0000)
   the space 10944K,   5% used [0xa5c40000, 0xa5cd8338, 0xa5cd8400, 0xa66f0000)
 compacting perm gen  total 12288K, used 2823K [0xb06f0000, 0xb12f0000, 0xb46f0000)
   the space 12288K,  22% used [0xb06f0000, 0xb09b1c28, 0xb09b1e00, 0xb12f0000)
No shared spaces configured.
Event: 0,692 GC heap after
Heap after GC invocations=2 (full 0):
 def new generation   total 4928K, used 511K [0xa06f0000, 0xa0c40000, 0xa5c40000)
  eden space 4416K,   0% used [0xa06f0000, 0xa06f0000, 0xa0b40000)
  from space 512K,  99% used [0xa0b40000, 0xa0bbfff8, 0xa0bc0000)
  to   space 512K,   0% used [0xa0bc0000, 0xa0bc0000, 0xa0c40000)
 tenured generation   total 10944K, used 1344K [0xa5c40000, 0xa66f0000, 0xb06f0000)
   the space 10944K,  12% used [0xa5c40000, 0xa5d901b0, 0xa5d90200, 0xa66f0000)
 compacting perm gen  total 12288K, used 2823K [0xb06f0000, 0xb12f0000, 0xb46f0000)
   the space 12288K,  22% used [0xb06f0000, 0xb09b1c28, 0xb09b1e00, 0xb12f0000)
No shared spaces configured.
}
Event: 0,850 GC heap before
{Heap before GC invocations=2 (full 0):
 def new generation   total 4928K, used 4927K [0xa06f0000, 0xa0c40000, 0xa5c40000)
  eden space 4416K, 100% used [0xa06f0000, 0xa0b40000, 0xa0b40000)
  from space 512K,  99% used [0xa0b40000, 0xa0bbfff8, 0xa0bc0000)
  to   space 512K,   0% used [0xa0bc0000, 0xa0bc0000, 0xa0c40000)
 tenured generation   total 10944K, used 1344K [0xa5c40000, 0xa66f0000, 0xb06f0000)
   the space 10944K,  12% used [0xa5c40000, 0xa5d901b0, 0xa5d90200, 0xa66f0000)
 compacting perm gen  total 12288K, used 3287K [0xb06f0000, 0xb12f0000, 0xb46f0000)
   the space 12288K,  26% used [0xb06f0000, 0xb0a25fd8, 0xb0a26000, 0xb12f0000)
No shared spaces configured.
Event: 0,857 GC heap after
Heap after GC invocations=3 (full 0):
 def new generation   total 4928K, used 511K [0xa06f0000, 0xa0c40000, 0xa5c40000)
  eden space 4416K,   0% used [0xa06f0000, 0xa06f0000, 0xa0b40000)
  from space 512K,  99% used [0xa0bc0000, 0xa0c3fff8, 0xa0c40000)
  to   space 512K,   0% used [0xa0b40000, 0xa0b40000, 0xa0bc0000)
 tenured generation   total 10944K, used 1554K [0xa5c40000, 0xa66f0000, 0xb06f0000)
   the space 10944K,  14% used [0xa5c40000, 0xa5dc4960, 0xa5dc4a00, 0xa66f0000)
 compacting perm gen  total 12288K, used 3287K [0xb06f0000, 0xb12f0000, 0xb46f0000)
   the space 12288K,  26% used [0xb06f0000, 0xb0a25fd8, 0xb0a26000, 0xb12f0000)
No shared spaces configured.
}
Event: 1,030 GC heap before
{Heap before GC invocations=3 (full 0):
 def new generation   total 4928K, used 4927K [0xa06f0000, 0xa0c40000, 0xa5c40000)
  eden space 4416K, 100% used [0xa06f0000, 0xa0b40000, 0xa0b40000)
  from space 512K,  99% used [0xa0bc0000, 0xa0c3fff8, 0xa0c40000)
  to   space 512K,   0% used [0xa0b40000, 0xa0b40000, 0xa0bc0000)
 tenured generation   total 10944K, used 1554K [0xa5c40000, 0xa66f0000, 0xb06f0000)
   the space 10944K,  14% used [0xa5c40000, 0xa5dc4960, 0xa5dc4a00, 0xa66f0000)
 compacting perm gen  total 12288K, used 3621K [0xb06f0000, 0xb12f0000, 0xb46f0000)
   the space 12288K,  29% used [0xb06f0000, 0xb0a79558, 0xb0a79600, 0xb12f0000)
No shared spaces configured.
Event: 1,037 GC heap after
Heap after GC invocations=4 (full 0):
 def new generation   total 4928K, used 512K [0xa06f0000, 0xa0c40000, 0xa5c40000)
  eden space 4416K,   0% used [0xa06f0000, 0xa06f0000, 0xa0b40000)
  from space 512K, 100% used [0xa0b40000, 0xa0bc0000, 0xa0bc0000)
  to   space 512K,   0% used [0xa0bc0000, 0xa0bc0000, 0xa0c40000)
 tenured generation   total 10944K, used 1655K [0xa5c40000, 0xa66f0000, 0xb06f0000)
   the space 10944K,  15% used [0xa5c40000, 0xa5dddc70, 0xa5ddde00, 0xa66f0000)
 compacting perm gen  total 12288K, used 3621K [0xb06f0000, 0xb12f0000, 0xb46f0000)
   the space 12288K,  29% used [0xb06f0000, 0xb0a79558, 0xb0a79600, 0xb12f0000)
No shared spaces configured.
}
Event: 1,285 GC heap before
{Heap before GC invocations=4 (full 0):
 def new generation   total 4928K, used 4928K [0xa06f0000, 0xa0c40000, 0xa5c40000)
  eden space 4416K, 100% used [0xa06f0000, 0xa0b40000, 0xa0b40000)
  from space 512K, 100% used [0xa0b40000, 0xa0bc0000, 0xa0bc0000)
  to   space 512K,   0% used [0xa0bc0000, 0xa0bc0000, 0xa0c40000)
 tenured generation   total 10944K, used 1655K [0xa5c40000, 0xa66f0000, 0xb06f0000)
   the space 10944K,  15% used [0xa5c40000, 0xa5dddc70, 0xa5ddde00, 0xa66f0000)
 compacting perm gen  total 12288K, used 3938K [0xb06f0000, 0xb12f0000, 0xb46f0000)
   the space 12288K,  32% used [0xb06f0000, 0xb0ac8b40, 0xb0ac8c00, 0xb12f0000)
No shared spaces configured.
Event: 1,295 GC heap after
Heap after GC invocations=5 (full 0):
 def new generation   total 4928K, used 512K [0xa06f0000, 0xa0c40000, 0xa5c40000)
  eden space 4416K,   0% used [0xa06f0000, 0xa06f0000, 0xa0b40000)
  from space 512K, 100% used [0xa0bc0000, 0xa0c40000, 0xa0c40000)
  to   space 512K,   0% used [0xa0b40000, 0xa0b40000, 0xa0bc0000)
 tenured generation   total 10944K, used 1960K [0xa5c40000, 0xa66f0000, 0xb06f0000)
   the space 10944K,  17% used [0xa5c40000, 0xa5e2a310, 0xa5e2a400, 0xa66f0000)
 compacting perm gen  total 12288K, used 3938K [0xb06f0000, 0xb12f0000, 0xb46f0000)
   the space 12288K,  32% used [0xb06f0000, 0xb0ac8b40, 0xb0ac8c00, 0xb12f0000)
No shared spaces configured.
}

