# JRE version: Java(TM) SE Runtime Environment (7.0_40-b43) (build 1.7.0_40-b43)
# Java VM: Java HotSpot(TM) Client VM (24.0-b56 mixed mode linux-x86 )
Heap
 def new generation   total 4928K, used 1114K [0xa0880000, 0xa0dd0000, 0xa5dd0000)
  eden space 4416K,  13% used [0xa0880000, 0xa0918f40, 0xa0cd0000)
  from space 512K,  98% used [0xa0d50000, 0xa0dcda40, 0xa0dd0000)
  to   space 512K,   0% used [0xa0cd0000, 0xa0cd0000, 0xa0d50000)
 tenured generation   total 10944K, used 1458K [0xa5dd0000, 0xa6880000, 0xb0880000)
   the space 10944K,  13% used [0xa5dd0000, 0xa5f3c8a0, 0xa5f3ca00, 0xa6880000)
 compacting perm gen  total 12288K, used 3902K [0xb0880000, 0xb1480000, 0xb4880000)
   the space 12288K,  31% used [0xb0880000, 0xb0c4f918, 0xb0c4fa00, 0xb1480000)
GC Heap History (6 events):
Event: 1,961 GC heap before
{Heap before GC invocations=0 (full 0):
 def new generation   total 4928K, used 4416K [0xa0880000, 0xa0dd0000, 0xa5dd0000)
  eden space 4416K, 100% used [0xa0880000, 0xa0cd0000, 0xa0cd0000)
  from space 512K,   0% used [0xa0cd0000, 0xa0cd0000, 0xa0d50000)
  to   space 512K,   0% used [0xa0d50000, 0xa0d50000, 0xa0dd0000)
 tenured generation   total 10944K, used 0K [0xa5dd0000, 0xa6880000, 0xb0880000)
   the space 10944K,   0% used [0xa5dd0000, 0xa5dd0000, 0xa5dd0200, 0xa6880000)
 compacting perm gen  total 12288K, used 2239K [0xb0880000, 0xb1480000, 0xb4880000)
   the space 12288K,  18% used [0xb0880000, 0xb0aafe18, 0xb0ab0000, 0xb1480000)
No shared spaces configured.
Event: 1,973 GC heap after
Heap after GC invocations=1 (full 0):
 def new generation   total 4928K, used 512K [0xa0880000, 0xa0dd0000, 0xa5dd0000)
  eden space 4416K,   0% used [0xa0880000, 0xa0880000, 0xa0cd0000)
  from space 512K, 100% used [0xa0d50000, 0xa0dd0000, 0xa0dd0000)
  to   space 512K,   0% used [0xa0cd0000, 0xa0cd0000, 0xa0d50000)
 tenured generation   total 10944K, used 422K [0xa5dd0000, 0xa6880000, 0xb0880000)
   the space 10944K,   3% used [0xa5dd0000, 0xa5e39a48, 0xa5e39c00, 0xa6880000)
 compacting perm gen  total 12288K, used 2239K [0xb0880000, 0xb1480000, 0xb4880000)
   the space 12288K,  18% used [0xb0880000, 0xb0aafe18, 0xb0ab0000, 0xb1480000)
No shared spaces configured.
}
Event: 2,207 GC heap before
{Heap before GC invocations=1 (full 0):
 def new generation   total 4928K, used 4928K [0xa0880000, 0xa0dd0000, 0xa5dd0000)
  eden space 4416K, 100% used [0xa0880000, 0xa0cd0000, 0xa0cd0000)
  from space 512K, 100% used [0xa0d50000, 0xa0dd0000, 0xa0dd0000)
  to   space 512K,   0% used [0xa0cd0000, 0xa0cd0000, 0xa0d50000)
 tenured generation   total 10944K, used 422K [0xa5dd0000, 0xa6880000, 0xb0880000)
   the space 10944K,   3% used [0xa5dd0000, 0xa5e39a48, 0xa5e39c00, 0xa6880000)
 compacting perm gen  total 12288K, used 3444K [0xb0880000, 0xb1480000, 0xb4880000)
   the space 12288K,  28% used [0xb0880000, 0xb0bdd3c8, 0xb0bdd400, 0xb1480000)
No shared spaces configured.
Event: 2,218 GC heap after
Heap after GC invocations=2 (full 0):
 def new generation   total 4928K, used 511K [0xa0880000, 0xa0dd0000, 0xa5dd0000)
  eden space 4416K,   0% used [0xa0880000, 0xa0880000, 0xa0cd0000)
  from space 512K,  99% used [0xa0cd0000, 0xa0d4fff8, 0xa0d50000)
  to   space 512K,   0% used [0xa0d50000, 0xa0d50000, 0xa0dd0000)
 tenured generation   total 10944K, used 1058K [0xa5dd0000, 0xa6880000, 0xb0880000)
   the space 10944K,   9% used [0xa5dd0000, 0xa5ed8a38, 0xa5ed8c00, 0xa6880000)
 compacting perm gen  total 12288K, used 3444K [0xb0880000, 0xb1480000, 0xb4880000)
   the space 12288K,  28% used [0xb0880000, 0xb0bdd3c8, 0xb0bdd400, 0xb1480000)
No shared spaces configured.
}
Event: 2,385 GC heap before
{Heap before GC invocations=2 (full 0):
 def new generation   total 4928K, used 4927K [0xa0880000, 0xa0dd0000, 0xa5dd0000)
  eden space 4416K, 100% used [0xa0880000, 0xa0cd0000, 0xa0cd0000)
  from space 512K,  99% used [0xa0cd0000, 0xa0d4fff8, 0xa0d50000)
  to   space 512K,   0% used [0xa0d50000, 0xa0d50000, 0xa0dd0000)
 tenured generation   total 10944K, used 1058K [0xa5dd0000, 0xa6880000, 0xb0880000)
   the space 10944K,   9% used [0xa5dd0000, 0xa5ed8a38, 0xa5ed8c00, 0xa6880000)
 compacting perm gen  total 12288K, used 3798K [0xb0880000, 0xb1480000, 0xb4880000)
   the space 12288K,  30% used [0xb0880000, 0xb0c35b08, 0xb0c35c00, 0xb1480000)
No shared spaces configured.
Event: 2,392 GC heap after
Heap after GC invocations=3 (full 0):
 def new generation   total 4928K, used 502K [0xa0880000, 0xa0dd0000, 0xa5dd0000)
  eden space 4416K,   0% used [0xa0880000, 0xa0880000, 0xa0cd0000)
  from space 512K,  98% used [0xa0d50000, 0xa0dcda40, 0xa0dd0000)
  to   space 512K,   0% used [0xa0cd0000, 0xa0cd0000, 0xa0d50000)
 tenured generation   total 10944K, used 1458K [0xa5dd0000, 0xa6880000, 0xb0880000)
   the space 10944K,  13% used [0xa5dd0000, 0xa5f3c8a0, 0xa5f3ca00, 0xa6880000)
 compacting perm gen  total 12288K, used 3798K [0xb0880000, 0xb1480000, 0xb4880000)
   the space 12288K,  30% used [0xb0880000, 0xb0c35b08, 0xb0c35c00, 0xb1480000)
No shared spaces configured.
}

