# JRE version: Java(TM) SE Runtime Environment (7.0_40-b43) (build 1.7.0_40-b43)
# Java VM: Java HotSpot(TM) Client VM (24.0-b56 mixed mode linux-x86 )
Heap
 def new generation   total 4928K, used 1164K [0xa0680000, 0xa0bd0000, 0xa5bd0000)
  eden space 4416K,  14% used [0xa0680000, 0xa0723060, 0xa0ad0000)
  from space 512K,  99% used [0xa0ad0000, 0xa0b4ffb8, 0xa0b50000)
  to   space 512K,   0% used [0xa0b50000, 0xa0b50000, 0xa0bd0000)
 tenured generation   total 10944K, used 2367K [0xa5bd0000, 0xa6680000, 0xb0680000)
   the space 10944K,  21% used [0xa5bd0000, 0xa5e1ff18, 0xa5e20000, 0xa6680000)
 compacting perm gen  total 12288K, used 4329K [0xb0680000, 0xb1280000, 0xb4680000)
   the space 12288K,  35% used [0xb0680000, 0xb0aba4f8, 0xb0aba600, 0xb1280000)
GC Heap History (10 events):
Event: 1,555 GC heap before
{Heap before GC invocations=1 (full 0):
 def new generation   total 4928K, used 4928K [0xa0680000, 0xa0bd0000, 0xa5bd0000)
  eden space 4416K, 100% used [0xa0680000, 0xa0ad0000, 0xa0ad0000)
  from space 512K, 100% used [0xa0b50000, 0xa0bd0000, 0xa0bd0000)
  to   space 512K,   0% used [0xa0ad0000, 0xa0ad0000, 0xa0b50000)
 tenured generation   total 10944K, used 581K [0xa5bd0000, 0xa6680000, 0xb0680000)
   the space 10944K,   5% used [0xa5bd0000, 0xa5c61740, 0xa5c61800, 0xa6680000)
 compacting perm gen  total 12288K, used 2885K [0xb0680000, 0xb1280000, 0xb4680000)
   the space 12288K,  23% used [0xb0680000, 0xb0951598, 0xb0951600, 0xb1280000)
No shared spaces configured.
Event: 1,564 GC heap after
Heap after GC invocations=2 (full 0):
 def new generation   total 4928K, used 511K [0xa0680000, 0xa0bd0000, 0xa5bd0000)
  eden space 4416K,   0% used [0xa0680000, 0xa0680000, 0xa0ad0000)
  from space 512K,  99% used [0xa0ad0000, 0xa0b4fff8, 0xa0b50000)
  to   space 512K,   0% used [0xa0b50000, 0xa0b50000, 0xa0bd0000)
 tenured generation   total 10944K, used 1283K [0xa5bd0000, 0xa6680000, 0xb0680000)
   the space 10944K,  11% used [0xa5bd0000, 0xa5d10fa8, 0xa5d11000, 0xa6680000)
 compacting perm gen  total 12288K, used 2885K [0xb0680000, 0xb1280000, 0xb4680000)
   the space 12288K,  23% used [0xb0680000, 0xb0951598, 0xb0951600, 0xb1280000)
No shared spaces configured.
}
Event: 1,705 GC heap before
{Heap before GC invocations=2 (full 0):
 def new generation   total 4928K, used 4927K [0xa0680000, 0xa0bd0000, 0xa5bd0000)
  eden space 4416K, 100% used [0xa0680000, 0xa0ad0000, 0xa0ad0000)
  from space 512K,  99% used [0xa0ad0000, 0xa0b4fff8, 0xa0b50000)
  to   space 512K,   0% used [0xa0b50000, 0xa0b50000, 0xa0bd0000)
 tenured generation   total 10944K, used 1283K [0xa5bd0000, 0xa6680000, 0xb0680000)
   the space 10944K,  11% used [0xa5bd0000, 0xa5d10fa8, 0xa5d11000, 0xa6680000)
 compacting perm gen  total 12288K, used 3311K [0xb0680000, 0xb1280000, 0xb4680000)
   the space 12288K,  26% used [0xb0680000, 0xb09bbdf0, 0xb09bbe00, 0xb1280000)
No shared spaces configured.
Event: 1,712 GC heap after
Heap after GC invocations=3 (full 0):
 def new generation   total 4928K, used 512K [0xa0680000, 0xa0bd0000, 0xa5bd0000)
  eden space 4416K,   0% used [0xa0680000, 0xa0680000, 0xa0ad0000)
  from space 512K, 100% used [0xa0b50000, 0xa0bd0000, 0xa0bd0000)
  to   space 512K,   0% used [0xa0ad0000, 0xa0ad0000, 0xa0b50000)
 tenured generation   total 10944K, used 1475K [0xa5bd0000, 0xa6680000, 0xb0680000)
   the space 10944K,  13% used [0xa5bd0000, 0xa5d40f68, 0xa5d41000, 0xa6680000)
 compacting perm gen  total 12288K, used 3311K [0xb0680000, 0xb1280000, 0xb4680000)
   the space 12288K,  26% used [0xb0680000, 0xb09bbdf0, 0xb09bbe00, 0xb1280000)
No shared spaces configured.
}
Event: 2,030 GC heap before
{Heap before GC invocations=3 (full 0):
 def new generation   total 4928K, used 4928K [0xa0680000, 0xa0bd0000, 0xa5bd0000)
  eden space 4416K, 100% used [0xa0680000, 0xa0ad0000, 0xa0ad0000)
  from space 512K, 100% used [0xa0b50000, 0xa0bd0000, 0xa0bd0000)
  to   space 512K,   0% used [0xa0ad0000, 0xa0ad0000, 0xa0b50000)
 tenured generation   total 10944K, used 1475K [0xa5bd0000, 0xa6680000, 0xb0680000)
   the space 10944K,  13% used [0xa5bd0000, 0xa5d40f68, 0xa5d41000, 0xa6680000)
 compacting perm gen  total 12288K, used 3658K [0xb0680000, 0xb1280000, 0xb4680000)
   the space 12288K,  29% used [0xb0680000, 0xb0a12870, 0xb0a12a00, 0xb1280000)
No shared spaces configured.
Event: 2,035 GC heap after
Heap after GC invocations=4 (full 0):
 def new generation   total 4928K, used 512K [0xa0680000, 0xa0bd0000, 0xa5bd0000)
  eden space 4416K,   0% used [0xa0680000, 0xa0680000, 0xa0ad0000)
  from space 512K, 100% used [0xa0ad0000, 0xa0b50000, 0xa0b50000)
  to   space 512K,   0% used [0xa0b50000, 0xa0b50000, 0xa0bd0000)
 tenured generation   total 10944K, used 1639K [0xa5bd0000, 0xa6680000, 0xb0680000)
   the space 10944K,  14% used [0xa5bd0000, 0xa5d69d28, 0xa5d69e00, 0xa6680000)
 compacting perm gen  total 12288K, used 3658K [0xb0680000, 0xb1280000, 0xb4680000)
   the space 12288K,  29% used [0xb0680000, 0xb0a12870, 0xb0a12a00, 0xb1280000)
No shared spaces configured.
}
Event: 2,269 GC heap before
{Heap before GC invocations=4 (full 0):
 def new generation   total 4928K, used 4928K [0xa0680000, 0xa0bd0000, 0xa5bd0000)
  eden space 4416K, 100% used [0xa0680000, 0xa0ad0000, 0xa0ad0000)
  from space 512K, 100% used [0xa0ad0000, 0xa0b50000, 0xa0b50000)
  to   space 512K,   0% used [0xa0b50000, 0xa0b50000, 0xa0bd0000)
 tenured generation   total 10944K, used 1639K [0xa5bd0000, 0xa6680000, 0xb0680000)
   the space 10944K,  14% used [0xa5bd0000, 0xa5d69d28, 0xa5d69e00, 0xa6680000)
 compacting perm gen  total 12288K, used 3962K [0xb0680000, 0xb1280000, 0xb4680000)
   the space 12288K,  32% used [0xb0680000, 0xb0a5ebd0, 0xb0a5ec00, 0xb1280000)
No shared spaces configured.
Event: 2,275 GC heap after
Heap after GC invocations=5 (full 0):
 def new generation   total 4928K, used 512K [0xa0680000, 0xa0bd0000, 0xa5bd0000)
  eden space 4416K,   0% used [0xa0680000, 0xa0680000, 0xa0ad0000)
  from space 512K, 100% used [0xa0b50000, 0xa0bd0000, 0xa0bd0000)
  to   space 512K,   0% used [0xa0ad0000, 0xa0ad0000, 0xa0b50000)
 tenured generation   total 10944K, used 1947K [0xa5bd0000, 0xa6680000, 0xb0680000)
   the space 10944K,  17% used [0xa5bd0000, 0xa5db6ca8, 0xa5db6e00, 0xa6680000)
 compacting perm gen  total 12288K, used 3962K [0xb0680000, 0xb1280000, 0xb4680000)
   the space 12288K,  32% used [0xb0680000, 0xb0a5ebd0, 0xb0a5ec00, 0xb1280000)
No shared spaces configured.
}
Event: 2,499 GC heap before
{Heap before GC invocations=5 (full 0):
 def new generation   total 4928K, used 4928K [0xa0680000, 0xa0bd0000, 0xa5bd0000)
  eden space 4416K, 100% used [0xa0680000, 0xa0ad0000, 0xa0ad0000)
  from space 512K, 100% used [0xa0b50000, 0xa0bd0000, 0xa0bd0000)
  to   space 512K,   0% used [0xa0ad0000, 0xa0ad0000, 0xa0b50000)
 tenured generation   total 10944K, used 1947K [0xa5bd0000, 0xa6680000, 0xb0680000)
   the space 10944K,  17% used [0xa5bd0000, 0xa5db6ca8, 0xa5db6e00, 0xa6680000)
 compacting perm gen  total 12288K, used 4293K [0xb0680000, 0xb1280000, 0xb4680000)
   the space 12288K,  34% used [0xb0680000, 0xb0ab1428, 0xb0ab1600, 0xb1280000)
No shared spaces configured.
Event: 2,507 GC heap after
Heap after GC invocations=6 (full 0):
 def new generation   total 4928K, used 511K [0xa0680000, 0xa0bd0000, 0xa5bd0000)
  eden space 4416K,   0% used [0xa0680000, 0xa0680000, 0xa0ad0000)
  from space 512K,  99% used [0xa0ad0000, 0xa0b4ffb8, 0xa0b50000)
  to   space 512K,   0% used [0xa0b50000, 0xa0b50000, 0xa0bd0000)
 tenured generation   total 10944K, used 2367K [0xa5bd0000, 0xa6680000, 0xb0680000)
   the space 10944K,  21% used [0xa5bd0000, 0xa5e1ff18, 0xa5e20000, 0xa6680000)
 compacting perm gen  total 12288K, used 4293K [0xb0680000, 0xb1280000, 0xb4680000)
   the space 12288K,  34% used [0xb0680000, 0xb0ab1428, 0xb0ab1600, 0xb1280000)
No shared spaces configured.
}

