# JRE version: Java(TM) SE Runtime Environment (7.0_40-b43) (build 1.7.0_40-b43)
# Java VM: Java HotSpot(TM) Client VM (24.0-b56 mixed mode linux-x86 )
Heap
 def new generation   total 4928K, used 3307K [0xa0880000, 0xa0dd0000, 0xa5dd0000)
  eden space 4416K,  63% used [0xa0880000, 0xa0b3ac40, 0xa0cd0000)
  from space 512K, 100% used [0xa0cd0000, 0xa0d50000, 0xa0d50000)
  to   space 512K,   0% used [0xa0d50000, 0xa0d50000, 0xa0dd0000)
 tenured generation   total 10944K, used 3040K [0xa5dd0000, 0xa6880000, 0xb0880000)
   the space 10944K,  27% used [0xa5dd0000, 0xa60c8220, 0xa60c8400, 0xa6880000)
 compacting perm gen  total 12288K, used 5725K [0xb0880000, 0xb1480000, 0xb4880000)
   the space 12288K,  46% used [0xb0880000, 0xb0e176b0, 0xb0e17800, 0xb1480000)
GC Heap History (10 events):
Event: 0,749 GC heap before
{Heap before GC invocations=3 (full 0):
 def new generation   total 4928K, used 4927K [0xa0880000, 0xa0dd0000, 0xa5dd0000)
  eden space 4416K, 100% used [0xa0880000, 0xa0cd0000, 0xa0cd0000)
  from space 512K,  99% used [0xa0d50000, 0xa0dcfff8, 0xa0dd0000)
  to   space 512K,   0% used [0xa0cd0000, 0xa0cd0000, 0xa0d50000)
 tenured generation   total 10944K, used 1502K [0xa5dd0000, 0xa6880000, 0xb0880000)
   the space 10944K,  13% used [0xa5dd0000, 0xa5f47a08, 0xa5f47c00, 0xa6880000)
 compacting perm gen  total 12288K, used 3677K [0xb0880000, 0xb1480000, 0xb4880000)
   the space 12288K,  29% used [0xb0880000, 0xb0c17400, 0xb0c17400, 0xb1480000)
No shared spaces configured.
Event: 0,754 GC heap after
Heap after GC invocations=4 (full 0):
 def new generation   total 4928K, used 493K [0xa0880000, 0xa0dd0000, 0xa5dd0000)
  eden space 4416K,   0% used [0xa0880000, 0xa0880000, 0xa0cd0000)
  from space 512K,  96% used [0xa0cd0000, 0xa0d4b668, 0xa0d50000)
  to   space 512K,   0% used [0xa0d50000, 0xa0d50000, 0xa0dd0000)
 tenured generation   total 10944K, used 1603K [0xa5dd0000, 0xa6880000, 0xb0880000)
   the space 10944K,  14% used [0xa5dd0000, 0xa5f60f68, 0xa5f61000, 0xa6880000)
 compacting perm gen  total 12288K, used 3677K [0xb0880000, 0xb1480000, 0xb4880000)
   the space 12288K,  29% used [0xb0880000, 0xb0c17400, 0xb0c17400, 0xb1480000)
No shared spaces configured.
}
Event: 0,947 GC heap before
{Heap before GC invocations=4 (full 0):
 def new generation   total 4928K, used 4909K [0xa0880000, 0xa0dd0000, 0xa5dd0000)
  eden space 4416K, 100% used [0xa0880000, 0xa0cd0000, 0xa0cd0000)
  from space 512K,  96% used [0xa0cd0000, 0xa0d4b668, 0xa0d50000)
  to   space 512K,   0% used [0xa0d50000, 0xa0d50000, 0xa0dd0000)
 tenured generation   total 10944K, used 1603K [0xa5dd0000, 0xa6880000, 0xb0880000)
   the space 10944K,  14% used [0xa5dd0000, 0xa5f60f68, 0xa5f61000, 0xa6880000)
 compacting perm gen  total 12288K, used 3986K [0xb0880000, 0xb1480000, 0xb4880000)
   the space 12288K,  32% used [0xb0880000, 0xb0c64bd0, 0xb0c64c00, 0xb1480000)
No shared spaces configured.
Event: 0,954 GC heap after
Heap after GC invocations=5 (full 0):
 def new generation   total 4928K, used 512K [0xa0880000, 0xa0dd0000, 0xa5dd0000)
  eden space 4416K,   0% used [0xa0880000, 0xa0880000, 0xa0cd0000)
  from space 512K, 100% used [0xa0d50000, 0xa0dd0000, 0xa0dd0000)
  to   space 512K,   0% used [0xa0cd0000, 0xa0cd0000, 0xa0d50000)
 tenured generation   total 10944K, used 1897K [0xa5dd0000, 0xa6880000, 0xb0880000)
   the space 10944K,  17% used [0xa5dd0000, 0xa5faa660, 0xa5faa800, 0xa6880000)
 compacting perm gen  total 12288K, used 3986K [0xb0880000, 0xb1480000, 0xb4880000)
   the space 12288K,  32% used [0xb0880000, 0xb0c64bd0, 0xb0c64c00, 0xb1480000)
No shared spaces configured.
}
Event: 1,107 GC heap before
{Heap before GC invocations=5 (full 0):
 def new generation   total 4928K, used 4928K [0xa0880000, 0xa0dd0000, 0xa5dd0000)
  eden space 4416K, 100% used [0xa0880000, 0xa0cd0000, 0xa0cd0000)
  from space 512K, 100% used [0xa0d50000, 0xa0dd0000, 0xa0dd0000)
  to   space 512K,   0% used [0xa0cd0000, 0xa0cd0000, 0xa0d50000)
 tenured generation   total 10944K, used 1897K [0xa5dd0000, 0xa6880000, 0xb0880000)
   the space 10944K,  17% used [0xa5dd0000, 0xa5faa660, 0xa5faa800, 0xa6880000)
 compacting perm gen  total 12288K, used 4284K [0xb0880000, 0xb1480000, 0xb4880000)
   the space 12288K,  34% used [0xb0880000, 0xb0caf3c0, 0xb0caf400, 0xb1480000)
No shared spaces configured.
Event: 1,115 GC heap after
Heap after GC invocations=6 (full 0):
 def new generation   total 4928K, used 512K [0xa0880000, 0xa0dd0000, 0xa5dd0000)
  eden space 4416K,   0% used [0xa0880000, 0xa0880000, 0xa0cd0000)
  from space 512K, 100% used [0xa0cd0000, 0xa0d50000, 0xa0d50000)
  to   space 512K,   0% used [0xa0d50000, 0xa0d50000, 0xa0dd0000)
 tenured generation   total 10944K, used 2334K [0xa5dd0000, 0xa6880000, 0xb0880000)
   the space 10944K,  21% used [0xa5dd0000, 0xa6017950, 0xa6017a00, 0xa6880000)
 compacting perm gen  total 12288K, used 4284K [0xb0880000, 0xb1480000, 0xb4880000)
   the space 12288K,  34% used [0xb0880000, 0xb0caf3c0, 0xb0caf400, 0xb1480000)
No shared spaces configured.
}
Event: 1,229 GC heap before
{Heap before GC invocations=6 (full 0):
 def new generation   total 4928K, used 4905K [0xa0880000, 0xa0dd0000, 0xa5dd0000)
  eden space 4416K,  99% used [0xa0880000, 0xa0cca490, 0xa0cd0000)
  from space 512K, 100% used [0xa0cd0000, 0xa0d50000, 0xa0d50000)
  to   space 512K,   0% used [0xa0d50000, 0xa0d50000, 0xa0dd0000)
 tenured generation   total 10944K, used 2334K [0xa5dd0000, 0xa6880000, 0xb0880000)
   the space 10944K,  21% used [0xa5dd0000, 0xa6017950, 0xa6017a00, 0xa6880000)
 compacting perm gen  total 12288K, used 4565K [0xb0880000, 0xb1480000, 0xb4880000)
   the space 12288K,  37% used [0xb0880000, 0xb0cf56d8, 0xb0cf5800, 0xb1480000)
No shared spaces configured.
Event: 1,236 GC heap after
Heap after GC invocations=7 (full 0):
 def new generation   total 4928K, used 512K [0xa0880000, 0xa0dd0000, 0xa5dd0000)
  eden space 4416K,   0% used [0xa0880000, 0xa0880000, 0xa0cd0000)
  from space 512K, 100% used [0xa0d50000, 0xa0dd0000, 0xa0dd0000)
  to   space 512K,   0% used [0xa0cd0000, 0xa0cd0000, 0xa0d50000)
 tenured generation   total 10944K, used 2753K [0xa5dd0000, 0xa6880000, 0xb0880000)
   the space 10944K,  25% used [0xa5dd0000, 0xa6080418, 0xa6080600, 0xa6880000)
 compacting perm gen  total 12288K, used 4565K [0xb0880000, 0xb1480000, 0xb4880000)
   the space 12288K,  37% used [0xb0880000, 0xb0cf56d8, 0xb0cf5800, 0xb1480000)
No shared spaces configured.
}
Event: 1,312 GC heap before
{Heap before GC invocations=7 (full 0):
 def new generation   total 4928K, used 4928K [0xa0880000, 0xa0dd0000, 0xa5dd0000)
  eden space 4416K, 100% used [0xa0880000, 0xa0cd0000, 0xa0cd0000)
  from space 512K, 100% used [0xa0d50000, 0xa0dd0000, 0xa0dd0000)
  to   space 512K,   0% used [0xa0cd0000, 0xa0cd0000, 0xa0d50000)
 tenured generation   total 10944K, used 2753K [0xa5dd0000, 0xa6880000, 0xb0880000)
   the space 10944K,  25% used [0xa5dd0000, 0xa6080418, 0xa6080600, 0xa6880000)
 compacting perm gen  total 12288K, used 5013K [0xb0880000, 0xb1480000, 0xb4880000)
   the space 12288K,  40% used [0xb0880000, 0xb0d65408, 0xb0d65600, 0xb1480000)
No shared spaces configured.
Event: 1,316 GC heap after
Heap after GC invocations=8 (full 0):
 def new generation   total 4928K, used 512K [0xa0880000, 0xa0dd0000, 0xa5dd0000)
  eden space 4416K,   0% used [0xa0880000, 0xa0880000, 0xa0cd0000)
  from space 512K, 100% used [0xa0cd0000, 0xa0d50000, 0xa0d50000)
  to   space 512K,   0% used [0xa0d50000, 0xa0d50000, 0xa0dd0000)
 tenured generation   total 10944K, used 3040K [0xa5dd0000, 0xa6880000, 0xb0880000)
   the space 10944K,  27% used [0xa5dd0000, 0xa60c8220, 0xa60c8400, 0xa6880000)
 compacting perm gen  total 12288K, used 5013K [0xb0880000, 0xb1480000, 0xb4880000)
   the space 12288K,  40% used [0xb0880000, 0xb0d65408, 0xb0d65600, 0xb1480000)
No shared spaces configured.
}

