# JRE version: Java(TM) SE Runtime Environment (7.0_40-b43) (build 1.7.0_40-b43)
# Java VM: Java HotSpot(TM) Client VM (24.0-b56 mixed mode linux-x86 )
Heap
 def new generation   total 4928K, used 4927K [0xa0660000, 0xa0bb0000, 0xa5bb0000)
  eden space 4416K, 100% used [0xa0660000, 0xa0ab0000, 0xa0ab0000)
  from space 512K,  99% used [0xa0b30000, 0xa0baff60, 0xa0bb0000)
  to   space 512K,   0% used [0xa0ab0000, 0xa0ab0000, 0xa0b30000)
 tenured generation   total 10944K, used 6455K [0xa5bb0000, 0xa6660000, 0xb0660000)
   the space 10944K,  58% used [0xa5bb0000, 0xa61fdda0, 0xa61fde00, 0xa6660000)
 compacting perm gen  total 12288K, used 10247K [0xb0660000, 0xb1260000, 0xb4660000)
   the space 12288K,  83% used [0xb0660000, 0xb1061d58, 0xb1061e00, 0xb1260000)
GC Heap History (10 events):
Event: 9,346 GC heap before
{Heap before GC invocations=10 (full 0):
 def new generation   total 4928K, used 4916K [0xa0660000, 0xa0bb0000, 0xa5bb0000)
  eden space 4416K,  99% used [0xa0660000, 0xa0aad000, 0xa0ab0000)
  from space 512K, 100% used [0xa0ab0000, 0xa0b30000, 0xa0b30000)
  to   space 512K,   0% used [0xa0b30000, 0xa0b30000, 0xa0bb0000)
 tenured generation   total 10944K, used 4323K [0xa5bb0000, 0xa6660000, 0xb0660000)
   the space 10944K,  39% used [0xa5bb0000, 0xa5fe8c60, 0xa5fe8e00, 0xa6660000)
 compacting perm gen  total 12288K, used 8205K [0xb0660000, 0xb1260000, 0xb4660000)
   the space 12288K,  66% used [0xb0660000, 0xb0e63648, 0xb0e63800, 0xb1260000)
No shared spaces configured.
Event: 9,356 GC heap after
Heap after GC invocations=11 (full 0):
 def new generation   total 4928K, used 512K [0xa0660000, 0xa0bb0000, 0xa5bb0000)
  eden space 4416K,   0% used [0xa0660000, 0xa0660000, 0xa0ab0000)
  from space 512K, 100% used [0xa0b30000, 0xa0bb0000, 0xa0bb0000)
  to   space 512K,   0% used [0xa0ab0000, 0xa0ab0000, 0xa0b30000)
 tenured generation   total 10944K, used 4936K [0xa5bb0000, 0xa6660000, 0xb0660000)
   the space 10944K,  45% used [0xa5bb0000, 0xa6082148, 0xa6082200, 0xa6660000)
 compacting perm gen  total 12288K, used 8205K [0xb0660000, 0xb1260000, 0xb4660000)
   the space 12288K,  66% used [0xb0660000, 0xb0e63648, 0xb0e63800, 0xb1260000)
No shared spaces configured.
}
Event: 11,472 GC heap before
{Heap before GC invocations=11 (full 0):
 def new generation   total 4928K, used 4928K [0xa0660000, 0xa0bb0000, 0xa5bb0000)
  eden space 4416K, 100% used [0xa0660000, 0xa0ab0000, 0xa0ab0000)
  from space 512K, 100% used [0xa0b30000, 0xa0bb0000, 0xa0bb0000)
  to   space 512K,   0% used [0xa0ab0000, 0xa0ab0000, 0xa0b30000)
 tenured generation   total 10944K, used 4936K [0xa5bb0000, 0xa6660000, 0xb0660000)
   the space 10944K,  45% used [0xa5bb0000, 0xa6082148, 0xa6082200, 0xa6660000)
 compacting perm gen  total 12288K, used 8592K [0xb0660000, 0xb1260000, 0xb4660000)
   the space 12288K,  69% used [0xb0660000, 0xb0ec4118, 0xb0ec4200, 0xb1260000)
No shared spaces configured.
Event: 11,481 GC heap after
Heap after GC invocations=12 (full 0):
 def new generation   total 4928K, used 512K [0xa0660000, 0xa0bb0000, 0xa5bb0000)
  eden space 4416K,   0% used [0xa0660000, 0xa0660000, 0xa0ab0000)
  from space 512K, 100% used [0xa0ab0000, 0xa0b30000, 0xa0b30000)
  to   space 512K,   0% used [0xa0b30000, 0xa0b30000, 0xa0bb0000)
 tenured generation   total 10944K, used 5565K [0xa5bb0000, 0xa6660000, 0xb0660000)
   the space 10944K,  50% used [0xa5bb0000, 0xa611f7e8, 0xa611f800, 0xa6660000)
 compacting perm gen  total 12288K, used 8592K [0xb0660000, 0xb1260000, 0xb4660000)
   the space 12288K,  69% used [0xb0660000, 0xb0ec4118, 0xb0ec4200, 0xb1260000)
No shared spaces configured.
}
Event: 11,717 GC heap before
{Heap before GC invocations=12 (full 0):
 def new generation   total 4928K, used 4928K [0xa0660000, 0xa0bb0000, 0xa5bb0000)
  eden space 4416K, 100% used [0xa0660000, 0xa0ab0000, 0xa0ab0000)
  from space 512K, 100% used [0xa0ab0000, 0xa0b30000, 0xa0b30000)
  to   space 512K,   0% used [0xa0b30000, 0xa0b30000, 0xa0bb0000)
 tenured generation   total 10944K, used 5565K [0xa5bb0000, 0xa6660000, 0xb0660000)
   the space 10944K,  50% used [0xa5bb0000, 0xa611f7e8, 0xa611f800, 0xa6660000)
 compacting perm gen  total 12288K, used 9164K [0xb0660000, 0xb1260000, 0xb4660000)
   the space 12288K,  74% used [0xb0660000, 0xb0f53258, 0xb0f53400, 0xb1260000)
No shared spaces configured.
Event: 11,724 GC heap after
Heap after GC invocations=13 (full 0):
 def new generation   total 4928K, used 511K [0xa0660000, 0xa0bb0000, 0xa5bb0000)
  eden space 4416K,   0% used [0xa0660000, 0xa0660000, 0xa0ab0000)
  from space 512K,  99% used [0xa0b30000, 0xa0bafff8, 0xa0bb0000)
  to   space 512K,   0% used [0xa0ab0000, 0xa0ab0000, 0xa0b30000)
 tenured generation   total 10944K, used 6184K [0xa5bb0000, 0xa6660000, 0xb0660000)
   the space 10944K,  56% used [0xa5bb0000, 0xa61ba2d8, 0xa61ba400, 0xa6660000)
 compacting perm gen  total 12288K, used 9164K [0xb0660000, 0xb1260000, 0xb4660000)
   the space 12288K,  74% used [0xb0660000, 0xb0f53258, 0xb0f53400, 0xb1260000)
No shared spaces configured.
}
Event: 11,921 GC heap before
{Heap before GC invocations=13 (full 0):
 def new generation   total 4928K, used 4927K [0xa0660000, 0xa0bb0000, 0xa5bb0000)
  eden space 4416K, 100% used [0xa0660000, 0xa0ab0000, 0xa0ab0000)
  from space 512K,  99% used [0xa0b30000, 0xa0bafff8, 0xa0bb0000)
  to   space 512K,   0% used [0xa0ab0000, 0xa0ab0000, 0xa0b30000)
 tenured generation   total 10944K, used 6184K [0xa5bb0000, 0xa6660000, 0xb0660000)
   the space 10944K,  56% used [0xa5bb0000, 0xa61ba2d8, 0xa61ba400, 0xa6660000)
 compacting perm gen  total 12288K, used 9560K [0xb0660000, 0xb1260000, 0xb4660000)
   the space 12288K,  77% used [0xb0660000, 0xb0fb62a8, 0xb0fb6400, 0xb1260000)
No shared spaces configured.
Event: 11,926 GC heap after
Heap after GC invocations=14 (full 0):
 def new generation   total 4928K, used 512K [0xa0660000, 0xa0bb0000, 0xa5bb0000)
  eden space 4416K,   0% used [0xa0660000, 0xa0660000, 0xa0ab0000)
  from space 512K, 100% used [0xa0ab0000, 0xa0b30000, 0xa0b30000)
  to   space 512K,   0% used [0xa0b30000, 0xa0b30000, 0xa0bb0000)
 tenured generation   total 10944K, used 6377K [0xa5bb0000, 0xa6660000, 0xb0660000)
   the space 10944K,  58% used [0xa5bb0000, 0xa61ea490, 0xa61ea600, 0xa6660000)
 compacting perm gen  total 12288K, used 9560K [0xb0660000, 0xb1260000, 0xb4660000)
   the space 12288K,  77% used [0xb0660000, 0xb0fb62a8, 0xb0fb6400, 0xb1260000)
No shared spaces configured.
}
Event: 12,100 GC heap before
{Heap before GC invocations=14 (full 0):
 def new generation   total 4928K, used 4928K [0xa0660000, 0xa0bb0000, 0xa5bb0000)
  eden space 4416K, 100% used [0xa0660000, 0xa0ab0000, 0xa0ab0000)
  from space 512K, 100% used [0xa0ab0000, 0xa0b30000, 0xa0b30000)
  to   space 512K,   0% used [0xa0b30000, 0xa0b30000, 0xa0bb0000)
 tenured generation   total 10944K, used 6377K [0xa5bb0000, 0xa6660000, 0xb0660000)
   the space 10944K,  58% used [0xa5bb0000, 0xa61ea490, 0xa61ea600, 0xa6660000)
 compacting perm gen  total 12288K, used 9855K [0xb0660000, 0xb1260000, 0xb4660000)
   the space 12288K,  80% used [0xb0660000, 0xb0fffd60, 0xb0fffe00, 0xb1260000)
No shared spaces configured.
Event: 12,105 GC heap after
Heap after GC invocations=15 (full 0):
 def new generation   total 4928K, used 511K [0xa0660000, 0xa0bb0000, 0xa5bb0000)
  eden space 4416K,   0% used [0xa0660000, 0xa0660000, 0xa0ab0000)
  from space 512K,  99% used [0xa0b30000, 0xa0baff60, 0xa0bb0000)
  to   space 512K,   0% used [0xa0ab0000, 0xa0ab0000, 0xa0b30000)
 tenured generation   total 10944K, used 6455K [0xa5bb0000, 0xa6660000, 0xb0660000)
   the space 10944K,  58% used [0xa5bb0000, 0xa61fdda0, 0xa61fde00, 0xa6660000)
 compacting perm gen  total 12288K, used 9855K [0xb0660000, 0xb1260000, 0xb4660000)
   the space 12288K,  80% used [0xb0660000, 0xb0fffd60, 0xb0fffe00, 0xb1260000)
No shared spaces configured.
}

