# JRE version: Java(TM) SE Runtime Environment (7.0_40-b43) (build 1.7.0_40-b43)
# Java VM: Java HotSpot(TM) Client VM (24.0-b56 mixed mode linux-x86 )
Heap
 def new generation   total 20608K, used 10680K [0xa0940000, 0xa1f90000, 0xa5e90000)
  eden space 18368K,  48% used [0xa0940000, 0xa11f2b28, 0xa1b30000)
  from space 2240K,  79% used [0xa1b30000, 0xa1ceb5a8, 0xa1d60000)
  to   space 2240K,   0% used [0xa1d60000, 0xa1d60000, 0xa1f90000)
 tenured generation   total 45640K, used 32217K [0xa5e90000, 0xa8b22000, 0xb0940000)
   the space 45640K,  70% used [0xa5e90000, 0xa7e06570, 0xa7e06600, 0xa8b22000)
 compacting perm gen  total 12288K, used 9994K [0xb0940000, 0xb1540000, 0xb4940000)
   the space 12288K,  81% used [0xb0940000, 0xb1302830, 0xb1302a00, 0xb1540000)
GC Heap History (10 events):
Event: 9,269 GC heap before
{Heap before GC invocations=47 (full 2):
 def new generation   total 11712K, used 11699K [0xa0940000, 0xa15f0000, 0xa5e90000)
  eden space 10432K, 100% used [0xa0940000, 0xa1370000, 0xa1370000)
  from space 1280K,  99% used [0xa14b0000, 0xa15ece28, 0xa15f0000)
  to   space 1280K,   0% used [0xa1370000, 0xa1370000, 0xa14b0000)
 tenured generation   total 25868K, used 25000K [0xa5e90000, 0xa77d3000, 0xb0940000)
   the space 25868K,  96% used [0xa5e90000, 0xa76fa330, 0xa76fa400, 0xa77d3000)
 compacting perm gen  total 12288K, used 9272K [0xb0940000, 0xb1540000, 0xb4940000)
   the space 12288K,  75% used [0xb0940000, 0xb124e188, 0xb124e200, 0xb1540000)
No shared spaces configured.
Event: 9,497 GC heap after
Heap after GC invocations=48 (full 3):
 def new generation   total 20608K, used 0K [0xa0940000, 0xa1f90000, 0xa5e90000)
  eden space 18368K,   0% used [0xa0940000, 0xa0940000, 0xa1b30000)
  from space 2240K,   0% used [0xa1b30000, 0xa1b30000, 0xa1d60000)
  to   space 2240K,   0% used [0xa1d60000, 0xa1d60000, 0xa1f90000)
 tenured generation   total 45640K, used 27383K [0xa5e90000, 0xa8b22000, 0xb0940000)
   the space 45640K,  59% used [0xa5e90000, 0xa794de10, 0xa794e000, 0xa8b22000)
 compacting perm gen  total 12288K, used 9272K [0xb0940000, 0xb1540000, 0xb4940000)
   the space 12288K,  75% used [0xb0940000, 0xb124e188, 0xb124e200, 0xb1540000)
No shared spaces configured.
}
Event: 10,223 GC heap before
{Heap before GC invocations=48 (full 3):
 def new generation   total 20608K, used 18368K [0xa0940000, 0xa1f90000, 0xa5e90000)
  eden space 18368K, 100% used [0xa0940000, 0xa1b30000, 0xa1b30000)
  from space 2240K,   0% used [0xa1b30000, 0xa1b30000, 0xa1d60000)
  to   space 2240K,   0% used [0xa1d60000, 0xa1d60000, 0xa1f90000)
 tenured generation   total 45640K, used 27383K [0xa5e90000, 0xa8b22000, 0xb0940000)
   the space 45640K,  59% used [0xa5e90000, 0xa794de10, 0xa794e000, 0xa8b22000)
 compacting perm gen  total 12288K, used 9472K [0xb0940000, 0xb1540000, 0xb4940000)
   the space 12288K,  77% used [0xb0940000, 0xb12803d0, 0xb1280400, 0xb1540000)
No shared spaces configured.
Event: 10,249 GC heap after
Heap after GC invocations=49 (full 3):
 def new generation   total 20608K, used 2240K [0xa0940000, 0xa1f90000, 0xa5e90000)
  eden space 18368K,   0% used [0xa0940000, 0xa0940000, 0xa1b30000)
  from space 2240K, 100% used [0xa1d60000, 0xa1f90000, 0xa1f90000)
  to   space 2240K,   0% used [0xa1b30000, 0xa1b30000, 0xa1d60000)
 tenured generation   total 45640K, used 28067K [0xa5e90000, 0xa8b22000, 0xb0940000)
   the space 45640K,  61% used [0xa5e90000, 0xa79f8cb0, 0xa79f8e00, 0xa8b22000)
 compacting perm gen  total 12288K, used 9472K [0xb0940000, 0xb1540000, 0xb4940000)
   the space 12288K,  77% used [0xb0940000, 0xb12803d0, 0xb1280400, 0xb1540000)
No shared spaces configured.
}
Event: 10,692 GC heap before
{Heap before GC invocations=49 (full 3):
 def new generation   total 20608K, used 20608K [0xa0940000, 0xa1f90000, 0xa5e90000)
  eden space 18368K, 100% used [0xa0940000, 0xa1b30000, 0xa1b30000)
  from space 2240K, 100% used [0xa1d60000, 0xa1f90000, 0xa1f90000)
  to   space 2240K,   0% used [0xa1b30000, 0xa1b30000, 0xa1d60000)
 tenured generation   total 45640K, used 28067K [0xa5e90000, 0xa8b22000, 0xb0940000)
   the space 45640K,  61% used [0xa5e90000, 0xa79f8cb0, 0xa79f8e00, 0xa8b22000)
 compacting perm gen  total 12288K, used 9474K [0xb0940000, 0xb1540000, 0xb4940000)
   the space 12288K,  77% used [0xb0940000, 0xb12809c0, 0xb1280a00, 0xb1540000)
No shared spaces configured.
Event: 10,719 GC heap after
Heap after GC invocations=50 (full 3):
 def new generation   total 20608K, used 2172K [0xa0940000, 0xa1f90000, 0xa5e90000)
  eden space 18368K,   0% used [0xa0940000, 0xa0940000, 0xa1b30000)
  from space 2240K,  96% used [0xa1b30000, 0xa1d4f1e0, 0xa1d60000)
  to   space 2240K,   0% used [0xa1d60000, 0xa1d60000, 0xa1f90000)
 tenured generation   total 45640K, used 30203K [0xa5e90000, 0xa8b22000, 0xb0940000)
   the space 45640K,  66% used [0xa5e90000, 0xa7c0ed10, 0xa7c0ee00, 0xa8b22000)
 compacting perm gen  total 12288K, used 9474K [0xb0940000, 0xb1540000, 0xb4940000)
   the space 12288K,  77% used [0xb0940000, 0xb12809c0, 0xb1280a00, 0xb1540000)
No shared spaces configured.
}
Event: 10,887 GC heap before
{Heap before GC invocations=50 (full 3):
 def new generation   total 20608K, used 20540K [0xa0940000, 0xa1f90000, 0xa5e90000)
  eden space 18368K, 100% used [0xa0940000, 0xa1b30000, 0xa1b30000)
  from space 2240K,  96% used [0xa1b30000, 0xa1d4f1e0, 0xa1d60000)
  to   space 2240K,   0% used [0xa1d60000, 0xa1d60000, 0xa1f90000)
 tenured generation   total 45640K, used 30203K [0xa5e90000, 0xa8b22000, 0xb0940000)
   the space 45640K,  66% used [0xa5e90000, 0xa7c0ed10, 0xa7c0ee00, 0xa8b22000)
 compacting perm gen  total 12288K, used 9474K [0xb0940000, 0xb1540000, 0xb4940000)
   the space 12288K,  77% used [0xb0940000, 0xb12809c0, 0xb1280a00, 0xb1540000)
No shared spaces configured.
Event: 10,904 GC heap after
Heap after GC invocations=51 (full 3):
 def new generation   total 20608K, used 461K [0xa0940000, 0xa1f90000, 0xa5e90000)
  eden space 18368K,   0% used [0xa0940000, 0xa0940000, 0xa1b30000)
  from space 2240K,  20% used [0xa1d60000, 0xa1dd36f0, 0xa1f90000)
  to   space 2240K,   0% used [0xa1b30000, 0xa1b30000, 0xa1d60000)
 tenured generation   total 45640K, used 32217K [0xa5e90000, 0xa8b22000, 0xb0940000)
   the space 45640K,  70% used [0xa5e90000, 0xa7e06570, 0xa7e06600, 0xa8b22000)
 compacting perm gen  total 12288K, used 9474K [0xb0940000, 0xb1540000, 0xb4940000)
   the space 12288K,  77% used [0xb0940000, 0xb12809c0, 0xb1280a00, 0xb1540000)
No shared spaces configured.
}
Event: 11,657 GC heap before
{Heap before GC invocations=51 (full 3):
 def new generation   total 20608K, used 18829K [0xa0940000, 0xa1f90000, 0xa5e90000)
  eden space 18368K, 100% used [0xa0940000, 0xa1b30000, 0xa1b30000)
  from space 2240K,  20% used [0xa1d60000, 0xa1dd36f0, 0xa1f90000)
  to   space 2240K,   0% used [0xa1b30000, 0xa1b30000, 0xa1d60000)
 tenured generation   total 45640K, used 32217K [0xa5e90000, 0xa8b22000, 0xb0940000)
   the space 45640K,  70% used [0xa5e90000, 0xa7e06570, 0xa7e06600, 0xa8b22000)
 compacting perm gen  total 12288K, used 9994K [0xb0940000, 0xb1540000, 0xb4940000)
   the space 12288K,  81% used [0xb0940000, 0xb1302830, 0xb1302a00, 0xb1540000)
No shared spaces configured.
Event: 11,666 GC heap after
Heap after GC invocations=52 (full 3):
 def new generation   total 20608K, used 1773K [0xa0940000, 0xa1f90000, 0xa5e90000)
  eden space 18368K,   0% used [0xa0940000, 0xa0940000, 0xa1b30000)
  from space 2240K,  79% used [0xa1b30000, 0xa1ceb5a8, 0xa1d60000)
  to   space 2240K,   0% used [0xa1d60000, 0xa1d60000, 0xa1f90000)
 tenured generation   total 45640K, used 32217K [0xa5e90000, 0xa8b22000, 0xb0940000)
   the space 45640K,  70% used [0xa5e90000, 0xa7e06570, 0xa7e06600, 0xa8b22000)
 compacting perm gen  total 12288K, used 9994K [0xb0940000, 0xb1540000, 0xb4940000)
   the space 12288K,  81% used [0xb0940000, 0xb1302830, 0xb1302a00, 0xb1540000)
No shared spaces configured.
}

