# JRE version: Java(TM) SE Runtime Environment (7.0_40-b43) (build 1.7.0_40-b43)
# Java VM: Java HotSpot(TM) Client VM (24.0-b56 mixed mode linux-x86 )
Heap
 def new generation   total 4928K, used 3369K [0xa0940000, 0xa0e90000, 0xa5e90000)
  eden space 4416K,  64% used [0xa0940000, 0xa0c0a6a8, 0xa0d90000)
  from space 512K,  99% used [0xa0d90000, 0xa0e0fff8, 0xa0e10000)
  to   space 512K,   0% used [0xa0e10000, 0xa0e10000, 0xa0e90000)
 tenured generation   total 10944K, used 1291K [0xa5e90000, 0xa6940000, 0xb0940000)
   the space 10944K,  11% used [0xa5e90000, 0xa5fd2f38, 0xa5fd3000, 0xa6940000)
 compacting perm gen  total 12288K, used 3236K [0xb0940000, 0xb1540000, 0xb4940000)
   the space 12288K,  26% used [0xb0940000, 0xb0c69150, 0xb0c69200, 0xb1540000)
GC Heap History (4 events):
Event: 0,493 GC heap before
{Heap before GC invocations=0 (full 0):
 def new generation   total 4928K, used 4416K [0xa0940000, 0xa0e90000, 0xa5e90000)
  eden space 4416K, 100% used [0xa0940000, 0xa0d90000, 0xa0d90000)
  from space 512K,   0% used [0xa0d90000, 0xa0d90000, 0xa0e10000)
  to   space 512K,   0% used [0xa0e10000, 0xa0e10000, 0xa0e90000)
 tenured generation   total 10944K, used 0K [0xa5e90000, 0xa6940000, 0xb0940000)
   the space 10944K,   0% used [0xa5e90000, 0xa5e90000, 0xa5e90200, 0xa6940000)
 compacting perm gen  total 12288K, used 2429K [0xb0940000, 0xb1540000, 0xb4940000)
   the space 12288K,  19% used [0xb0940000, 0xb0b9f538, 0xb0b9f600, 0xb1540000)
No shared spaces configured.
Event: 0,505 GC heap after
Heap after GC invocations=1 (full 0):
 def new generation   total 4928K, used 512K [0xa0940000, 0xa0e90000, 0xa5e90000)
  eden space 4416K,   0% used [0xa0940000, 0xa0940000, 0xa0d90000)
  from space 512K, 100% used [0xa0e10000, 0xa0e90000, 0xa0e90000)
  to   space 512K,   0% used [0xa0d90000, 0xa0d90000, 0xa0e10000)
 tenured generation   total 10944K, used 597K [0xa5e90000, 0xa6940000, 0xb0940000)
   the space 10944K,   5% used [0xa5e90000, 0xa5f255e0, 0xa5f25600, 0xa6940000)
 compacting perm gen  total 12288K, used 2429K [0xb0940000, 0xb1540000, 0xb4940000)
   the space 12288K,  19% used [0xb0940000, 0xb0b9f538, 0xb0b9f600, 0xb1540000)
No shared spaces configured.
}
Event: 0,729 GC heap before
{Heap before GC invocations=1 (full 0):
 def new generation   total 4928K, used 4928K [0xa0940000, 0xa0e90000, 0xa5e90000)
  eden space 4416K, 100% used [0xa0940000, 0xa0d90000, 0xa0d90000)
  from space 512K, 100% used [0xa0e10000, 0xa0e90000, 0xa0e90000)
  to   space 512K,   0% used [0xa0d90000, 0xa0d90000, 0xa0e10000)
 tenured generation   total 10944K, used 597K [0xa5e90000, 0xa6940000, 0xb0940000)
   the space 10944K,   5% used [0xa5e90000, 0xa5f255e0, 0xa5f25600, 0xa6940000)
 compacting perm gen  total 12288K, used 2964K [0xb0940000, 0xb1540000, 0xb4940000)
   the space 12288K,  24% used [0xb0940000, 0xb0c252c0, 0xb0c25400, 0xb1540000)
No shared spaces configured.
Event: 0,739 GC heap after
Heap after GC invocations=2 (full 0):
 def new generation   total 4928K, used 511K [0xa0940000, 0xa0e90000, 0xa5e90000)
  eden space 4416K,   0% used [0xa0940000, 0xa0940000, 0xa0d90000)
  from space 512K,  99% used [0xa0d90000, 0xa0e0fff8, 0xa0e10000)
  to   space 512K,   0% used [0xa0e10000, 0xa0e10000, 0xa0e90000)
 tenured generation   total 10944K, used 1291K [0xa5e90000, 0xa6940000, 0xb0940000)
   the space 10944K,  11% used [0xa5e90000, 0xa5fd2f38, 0xa5fd3000, 0xa6940000)
 compacting perm gen  total 12288K, used 2964K [0xb0940000, 0xb1540000, 0xb4940000)
   the space 12288K,  24% used [0xb0940000, 0xb0c252c0, 0xb0c25400, 0xb1540000)
No shared spaces configured.
}

