# JRE version: Java(TM) SE Runtime Environment (7.0_40-b43) (build 1.7.0_40-b43)
# Java VM: Java HotSpot(TM) Client VM (24.0-b56 mixed mode linux-x86 )
Heap
 def new generation   total 4928K, used 2713K [0xa06d0000, 0xa0c20000, 0xa5c20000)
  eden space 4416K,  49% used [0xa06d0000, 0xa08f6588, 0xa0b20000)
  from space 512K,  99% used [0xa0ba0000, 0xa0c1fff8, 0xa0c20000)
  to   space 512K,   0% used [0xa0b20000, 0xa0b20000, 0xa0ba0000)
 tenured generation   total 10944K, used 3589K [0xa5c20000, 0xa66d0000, 0xb06d0000)
   the space 10944K,  32% used [0xa5c20000, 0xa5fa1698, 0xa5fa1800, 0xa66d0000)
 compacting perm gen  total 12288K, used 7400K [0xb06d0000, 0xb12d0000, 0xb46d0000)
   the space 12288K,  60% used [0xb06d0000, 0xb0e0a210, 0xb0e0a400, 0xb12d0000)
GC Heap History (10 events):
Event: 2,009 GC heap before
{Heap before GC invocations=8 (full 0):
 def new generation   total 4928K, used 4927K [0xa06d0000, 0xa0c20000, 0xa5c20000)
  eden space 4416K, 100% used [0xa06d0000, 0xa0b20000, 0xa0b20000)
  from space 512K,  99% used [0xa0b20000, 0xa0b9ffd0, 0xa0ba0000)
  to   space 512K,   0% used [0xa0ba0000, 0xa0ba0000, 0xa0c20000)
 tenured generation   total 10944K, used 3102K [0xa5c20000, 0xa66d0000, 0xb06d0000)
   the space 10944K,  28% used [0xa5c20000, 0xa5f278f0, 0xa5f27a00, 0xa66d0000)
 compacting perm gen  total 12288K, used 5819K [0xb06d0000, 0xb12d0000, 0xb46d0000)
   the space 12288K,  47% used [0xb06d0000, 0xb0c7eca0, 0xb0c7ee00, 0xb12d0000)
No shared spaces configured.
Event: 2,014 GC heap after
Heap after GC invocations=9 (full 0):
 def new generation   total 4928K, used 510K [0xa06d0000, 0xa0c20000, 0xa5c20000)
  eden space 4416K,   0% used [0xa06d0000, 0xa06d0000, 0xa0b20000)
  from space 512K,  99% used [0xa0ba0000, 0xa0c1f890, 0xa0c20000)
  to   space 512K,   0% used [0xa0b20000, 0xa0b20000, 0xa0ba0000)
 tenured generation   total 10944K, used 3149K [0xa5c20000, 0xa66d0000, 0xb06d0000)
   the space 10944K,  28% used [0xa5c20000, 0xa5f334d8, 0xa5f33600, 0xa66d0000)
 compacting perm gen  total 12288K, used 5819K [0xb06d0000, 0xb12d0000, 0xb46d0000)
   the space 12288K,  47% used [0xb06d0000, 0xb0c7eca0, 0xb0c7ee00, 0xb12d0000)
No shared spaces configured.
}
Event: 2,102 GC heap before
{Heap before GC invocations=9 (full 0):
 def new generation   total 4928K, used 4926K [0xa06d0000, 0xa0c20000, 0xa5c20000)
  eden space 4416K, 100% used [0xa06d0000, 0xa0b20000, 0xa0b20000)
  from space 512K,  99% used [0xa0ba0000, 0xa0c1f890, 0xa0c20000)
  to   space 512K,   0% used [0xa0b20000, 0xa0b20000, 0xa0ba0000)
 tenured generation   total 10944K, used 3149K [0xa5c20000, 0xa66d0000, 0xb06d0000)
   the space 10944K,  28% used [0xa5c20000, 0xa5f334d8, 0xa5f33600, 0xa66d0000)
 compacting perm gen  total 12288K, used 6016K [0xb06d0000, 0xb12d0000, 0xb46d0000)
   the space 12288K,  48% used [0xb06d0000, 0xb0cb0260, 0xb0cb0400, 0xb12d0000)
No shared spaces configured.
Event: 2,106 GC heap after
Heap after GC invocations=10 (full 0):
 def new generation   total 4928K, used 347K [0xa06d0000, 0xa0c20000, 0xa5c20000)
  eden space 4416K,   0% used [0xa06d0000, 0xa06d0000, 0xa0b20000)
  from space 512K,  67% used [0xa0b20000, 0xa0b76f00, 0xa0ba0000)
  to   space 512K,   0% used [0xa0ba0000, 0xa0ba0000, 0xa0c20000)
 tenured generation   total 10944K, used 3261K [0xa5c20000, 0xa66d0000, 0xb06d0000)
   the space 10944K,  29% used [0xa5c20000, 0xa5f4f7b0, 0xa5f4f800, 0xa66d0000)
 compacting perm gen  total 12288K, used 6016K [0xb06d0000, 0xb12d0000, 0xb46d0000)
   the space 12288K,  48% used [0xb06d0000, 0xb0cb0260, 0xb0cb0400, 0xb12d0000)
No shared spaces configured.
}
Event: 2,211 GC heap before
{Heap before GC invocations=10 (full 0):
 def new generation   total 4928K, used 4763K [0xa06d0000, 0xa0c20000, 0xa5c20000)
  eden space 4416K, 100% used [0xa06d0000, 0xa0b20000, 0xa0b20000)
  from space 512K,  67% used [0xa0b20000, 0xa0b76f00, 0xa0ba0000)
  to   space 512K,   0% used [0xa0ba0000, 0xa0ba0000, 0xa0c20000)
 tenured generation   total 10944K, used 3261K [0xa5c20000, 0xa66d0000, 0xb06d0000)
   the space 10944K,  29% used [0xa5c20000, 0xa5f4f7b0, 0xa5f4f800, 0xa66d0000)
 compacting perm gen  total 12288K, used 6332K [0xb06d0000, 0xb12d0000, 0xb46d0000)
   the space 12288K,  51% used [0xb06d0000, 0xb0cff3f0, 0xb0cff400, 0xb12d0000)
No shared spaces configured.
Event: 2,214 GC heap after
Heap after GC invocations=11 (full 0):
 def new generation   total 4928K, used 377K [0xa06d0000, 0xa0c20000, 0xa5c20000)
  eden space 4416K,   0% used [0xa06d0000, 0xa06d0000, 0xa0b20000)
  from space 512K,  73% used [0xa0ba0000, 0xa0bfe7a0, 0xa0c20000)
  to   space 512K,   0% used [0xa0b20000, 0xa0b20000, 0xa0ba0000)
 tenured generation   total 10944K, used 3289K [0xa5c20000, 0xa66d0000, 0xb06d0000)
   the space 10944K,  30% used [0xa5c20000, 0xa5f565c0, 0xa5f56600, 0xa66d0000)
 compacting perm gen  total 12288K, used 6332K [0xb06d0000, 0xb12d0000, 0xb46d0000)
   the space 12288K,  51% used [0xb06d0000, 0xb0cff3f0, 0xb0cff400, 0xb12d0000)
No shared spaces configured.
}
Event: 2,326 GC heap before
{Heap before GC invocations=11 (full 0):
 def new generation   total 4928K, used 4793K [0xa06d0000, 0xa0c20000, 0xa5c20000)
  eden space 4416K, 100% used [0xa06d0000, 0xa0b20000, 0xa0b20000)
  from space 512K,  73% used [0xa0ba0000, 0xa0bfe7a0, 0xa0c20000)
  to   space 512K,   0% used [0xa0b20000, 0xa0b20000, 0xa0ba0000)
 tenured generation   total 10944K, used 3289K [0xa5c20000, 0xa66d0000, 0xb06d0000)
   the space 10944K,  30% used [0xa5c20000, 0xa5f565c0, 0xa5f56600, 0xa66d0000)
 compacting perm gen  total 12288K, used 6611K [0xb06d0000, 0xb12d0000, 0xb46d0000)
   the space 12288K,  53% used [0xb06d0000, 0xb0d44c28, 0xb0d44e00, 0xb12d0000)
No shared spaces configured.
Event: 2,329 GC heap after
Heap after GC invocations=12 (full 0):
 def new generation   total 4928K, used 365K [0xa06d0000, 0xa0c20000, 0xa5c20000)
  eden space 4416K,   0% used [0xa06d0000, 0xa06d0000, 0xa0b20000)
  from space 512K,  71% used [0xa0b20000, 0xa0b7b7b8, 0xa0ba0000)
  to   space 512K,   0% used [0xa0ba0000, 0xa0ba0000, 0xa0c20000)
 tenured generation   total 10944K, used 3344K [0xa5c20000, 0xa66d0000, 0xb06d0000)
   the space 10944K,  30% used [0xa5c20000, 0xa5f640d8, 0xa5f64200, 0xa66d0000)
 compacting perm gen  total 12288K, used 6611K [0xb06d0000, 0xb12d0000, 0xb46d0000)
   the space 12288K,  53% used [0xb06d0000, 0xb0d44c28, 0xb0d44e00, 0xb12d0000)
No shared spaces configured.
}
Event: 2,474 GC heap before
{Heap before GC invocations=12 (full 0):
 def new generation   total 4928K, used 4781K [0xa06d0000, 0xa0c20000, 0xa5c20000)
  eden space 4416K, 100% used [0xa06d0000, 0xa0b20000, 0xa0b20000)
  from space 512K,  71% used [0xa0b20000, 0xa0b7b7b8, 0xa0ba0000)
  to   space 512K,   0% used [0xa0ba0000, 0xa0ba0000, 0xa0c20000)
 tenured generation   total 10944K, used 3344K [0xa5c20000, 0xa66d0000, 0xb06d0000)
   the space 10944K,  30% used [0xa5c20000, 0xa5f640d8, 0xa5f64200, 0xa66d0000)
 compacting perm gen  total 12288K, used 7063K [0xb06d0000, 0xb12d0000, 0xb46d0000)
   the space 12288K,  57% used [0xb06d0000, 0xb0db5f38, 0xb0db6000, 0xb12d0000)
No shared spaces configured.
Event: 2,479 GC heap after
Heap after GC invocations=13 (full 0):
 def new generation   total 4928K, used 511K [0xa06d0000, 0xa0c20000, 0xa5c20000)
  eden space 4416K,   0% used [0xa06d0000, 0xa06d0000, 0xa0b20000)
  from space 512K,  99% used [0xa0ba0000, 0xa0c1fff8, 0xa0c20000)
  to   space 512K,   0% used [0xa0b20000, 0xa0b20000, 0xa0ba0000)
 tenured generation   total 10944K, used 3589K [0xa5c20000, 0xa66d0000, 0xb06d0000)
   the space 10944K,  32% used [0xa5c20000, 0xa5fa1698, 0xa5fa1800, 0xa66d0000)
 compacting perm gen  total 12288K, used 7063K [0xb06d0000, 0xb12d0000, 0xb46d0000)
   the space 12288K,  57% used [0xb06d0000, 0xb0db5f38, 0xb0db6000, 0xb12d0000)
No shared spaces configured.
}

