# JRE version: Java(TM) SE Runtime Environment (7.0_40-b43) (build 1.7.0_40-b43)
# Java VM: Java HotSpot(TM) Client VM (24.0-b56 mixed mode linux-x86 )
Heap
 def new generation   total 7744K, used 6838K [0xa0940000, 0xa11a0000, 0xa5e90000)
  eden space 6912K,  88% used [0xa0940000, 0xa0f3a460, 0xa1000000)
  from space 832K,  86% used [0xa1000000, 0xa10b33d0, 0xa10d0000)
  to   space 832K,   0% used [0xa10d0000, 0xa10d0000, 0xa11a0000)
 tenured generation   total 17028K, used 14956K [0xa5e90000, 0xa6f31000, 0xb0940000)
   the space 17028K,  87% used [0xa5e90000, 0xa6d2b1f0, 0xa6d2b200, 0xa6f31000)
 compacting perm gen  total 12288K, used 4894K [0xb0940000, 0xb1540000, 0xb4940000)
   the space 12288K,  39% used [0xb0940000, 0xb0e078a8, 0xb0e07a00, 0xb1540000)
GC Heap History (10 events):
Event: 2,923 GC heap before
{Heap before GC invocations=29 (full 1):
 def new generation   total 7744K, used 7545K [0xa0940000, 0xa11a0000, 0xa5e90000)
  eden space 6912K, 100% used [0xa0940000, 0xa1000000, 0xa1000000)
  from space 832K,  76% used [0xa10d0000, 0xa116e570, 0xa11a0000)
  to   space 832K,   0% used [0xa1000000, 0xa1000000, 0xa10d0000)
 tenured generation   total 17028K, used 12138K [0xa5e90000, 0xa6f31000, 0xb0940000)
   the space 17028K,  71% used [0xa5e90000, 0xa6a6a858, 0xa6a6aa00, 0xa6f31000)
 compacting perm gen  total 12288K, used 4893K [0xb0940000, 0xb1540000, 0xb4940000)
   the space 12288K,  39% used [0xb0940000, 0xb0e07738, 0xb0e07800, 0xb1540000)
No shared spaces configured.
Event: 2,931 GC heap after
Heap after GC invocations=30 (full 1):
 def new generation   total 7744K, used 702K [0xa0940000, 0xa11a0000, 0xa5e90000)
  eden space 6912K,   0% used [0xa0940000, 0xa0940000, 0xa1000000)
  from space 832K,  84% used [0xa1000000, 0xa10af918, 0xa10d0000)
  to   space 832K,   0% used [0xa10d0000, 0xa10d0000, 0xa11a0000)
 tenured generation   total 17028K, used 12660K [0xa5e90000, 0xa6f31000, 0xb0940000)
   the space 17028K,  74% used [0xa5e90000, 0xa6aed060, 0xa6aed200, 0xa6f31000)
 compacting perm gen  total 12288K, used 4893K [0xb0940000, 0xb1540000, 0xb4940000)
   the space 12288K,  39% used [0xb0940000, 0xb0e07738, 0xb0e07800, 0xb1540000)
No shared spaces configured.
}
Event: 3,000 GC heap before
{Heap before GC invocations=30 (full 1):
 def new generation   total 7744K, used 7614K [0xa0940000, 0xa11a0000, 0xa5e90000)
  eden space 6912K, 100% used [0xa0940000, 0xa1000000, 0xa1000000)
  from space 832K,  84% used [0xa1000000, 0xa10af918, 0xa10d0000)
  to   space 832K,   0% used [0xa10d0000, 0xa10d0000, 0xa11a0000)
 tenured generation   total 17028K, used 12660K [0xa5e90000, 0xa6f31000, 0xb0940000)
   the space 17028K,  74% used [0xa5e90000, 0xa6aed060, 0xa6aed200, 0xa6f31000)
 compacting perm gen  total 12288K, used 4893K [0xb0940000, 0xb1540000, 0xb4940000)
   the space 12288K,  39% used [0xb0940000, 0xb0e07738, 0xb0e07800, 0xb1540000)
No shared spaces configured.
Event: 3,007 GC heap after
Heap after GC invocations=31 (full 1):
 def new generation   total 7744K, used 715K [0xa0940000, 0xa11a0000, 0xa5e90000)
  eden space 6912K,   0% used [0xa0940000, 0xa0940000, 0xa1000000)
  from space 832K,  85% used [0xa10d0000, 0xa1182dd0, 0xa11a0000)
  to   space 832K,   0% used [0xa1000000, 0xa1000000, 0xa10d0000)
 tenured generation   total 17028K, used 13233K [0xa5e90000, 0xa6f31000, 0xb0940000)
   the space 17028K,  77% used [0xa5e90000, 0xa6b7c4d0, 0xa6b7c600, 0xa6f31000)
 compacting perm gen  total 12288K, used 4893K [0xb0940000, 0xb1540000, 0xb4940000)
   the space 12288K,  39% used [0xb0940000, 0xb0e07738, 0xb0e07800, 0xb1540000)
No shared spaces configured.
}
Event: 3,066 GC heap before
{Heap before GC invocations=31 (full 1):
 def new generation   total 7744K, used 7627K [0xa0940000, 0xa11a0000, 0xa5e90000)
  eden space 6912K, 100% used [0xa0940000, 0xa1000000, 0xa1000000)
  from space 832K,  85% used [0xa10d0000, 0xa1182dd0, 0xa11a0000)
  to   space 832K,   0% used [0xa1000000, 0xa1000000, 0xa10d0000)
 tenured generation   total 17028K, used 13233K [0xa5e90000, 0xa6f31000, 0xb0940000)
   the space 17028K,  77% used [0xa5e90000, 0xa6b7c4d0, 0xa6b7c600, 0xa6f31000)
 compacting perm gen  total 12288K, used 4893K [0xb0940000, 0xb1540000, 0xb4940000)
   the space 12288K,  39% used [0xb0940000, 0xb0e07768, 0xb0e07800, 0xb1540000)
No shared spaces configured.
Event: 3,074 GC heap after
Heap after GC invocations=32 (full 1):
 def new generation   total 7744K, used 669K [0xa0940000, 0xa11a0000, 0xa5e90000)
  eden space 6912K,   0% used [0xa0940000, 0xa0940000, 0xa1000000)
  from space 832K,  80% used [0xa1000000, 0xa10a7458, 0xa10d0000)
  to   space 832K,   0% used [0xa10d0000, 0xa10d0000, 0xa11a0000)
 tenured generation   total 17028K, used 13858K [0xa5e90000, 0xa6f31000, 0xb0940000)
   the space 17028K,  81% used [0xa5e90000, 0xa6c18920, 0xa6c18a00, 0xa6f31000)
 compacting perm gen  total 12288K, used 4893K [0xb0940000, 0xb1540000, 0xb4940000)
   the space 12288K,  39% used [0xb0940000, 0xb0e07768, 0xb0e07800, 0xb1540000)
No shared spaces configured.
}
Event: 3,146 GC heap before
{Heap before GC invocations=32 (full 1):
 def new generation   total 7744K, used 7581K [0xa0940000, 0xa11a0000, 0xa5e90000)
  eden space 6912K, 100% used [0xa0940000, 0xa1000000, 0xa1000000)
  from space 832K,  80% used [0xa1000000, 0xa10a7458, 0xa10d0000)
  to   space 832K,   0% used [0xa10d0000, 0xa10d0000, 0xa11a0000)
 tenured generation   total 17028K, used 13858K [0xa5e90000, 0xa6f31000, 0xb0940000)
   the space 17028K,  81% used [0xa5e90000, 0xa6c18920, 0xa6c18a00, 0xa6f31000)
 compacting perm gen  total 12288K, used 4893K [0xb0940000, 0xb1540000, 0xb4940000)
   the space 12288K,  39% used [0xb0940000, 0xb0e077e8, 0xb0e07800, 0xb1540000)
No shared spaces configured.
Event: 3,154 GC heap after
Heap after GC invocations=33 (full 1):
 def new generation   total 7744K, used 783K [0xa0940000, 0xa11a0000, 0xa5e90000)
  eden space 6912K,   0% used [0xa0940000, 0xa0940000, 0xa1000000)
  from space 832K,  94% used [0xa10d0000, 0xa1193e58, 0xa11a0000)
  to   space 832K,   0% used [0xa1000000, 0xa1000000, 0xa10d0000)
 tenured generation   total 17028K, used 14392K [0xa5e90000, 0xa6f31000, 0xb0940000)
   the space 17028K,  84% used [0xa5e90000, 0xa6c9e240, 0xa6c9e400, 0xa6f31000)
 compacting perm gen  total 12288K, used 4893K [0xb0940000, 0xb1540000, 0xb4940000)
   the space 12288K,  39% used [0xb0940000, 0xb0e077e8, 0xb0e07800, 0xb1540000)
No shared spaces configured.
}
Event: 3,215 GC heap before
{Heap before GC invocations=33 (full 1):
 def new generation   total 7744K, used 7695K [0xa0940000, 0xa11a0000, 0xa5e90000)
  eden space 6912K, 100% used [0xa0940000, 0xa1000000, 0xa1000000)
  from space 832K,  94% used [0xa10d0000, 0xa1193e58, 0xa11a0000)
  to   space 832K,   0% used [0xa1000000, 0xa1000000, 0xa10d0000)
 tenured generation   total 17028K, used 14392K [0xa5e90000, 0xa6f31000, 0xb0940000)
   the space 17028K,  84% used [0xa5e90000, 0xa6c9e240, 0xa6c9e400, 0xa6f31000)
 compacting perm gen  total 12288K, used 4893K [0xb0940000, 0xb1540000, 0xb4940000)
   the space 12288K,  39% used [0xb0940000, 0xb0e077f8, 0xb0e07800, 0xb1540000)
No shared spaces configured.
Event: 3,223 GC heap after
Heap after GC invocations=34 (full 1):
 def new generation   total 7744K, used 716K [0xa0940000, 0xa11a0000, 0xa5e90000)
  eden space 6912K,   0% used [0xa0940000, 0xa0940000, 0xa1000000)
  from space 832K,  86% used [0xa1000000, 0xa10b33d0, 0xa10d0000)
  to   space 832K,   0% used [0xa10d0000, 0xa10d0000, 0xa11a0000)
 tenured generation   total 17028K, used 14956K [0xa5e90000, 0xa6f31000, 0xb0940000)
   the space 17028K,  87% used [0xa5e90000, 0xa6d2b1f0, 0xa6d2b200, 0xa6f31000)
 compacting perm gen  total 12288K, used 4893K [0xb0940000, 0xb1540000, 0xb4940000)
   the space 12288K,  39% used [0xb0940000, 0xb0e077f8, 0xb0e07800, 0xb1540000)
No shared spaces configured.
}

